[0.026s] Invoking command in '/home/bkhwaja/vscode/ros2_ws/build/custom_interfaces': CMAKE_PREFIX_PATH=/opt/ros/humble /home/bkhwaja/.local/bin/cmake /home/bkhwaja/vscode/ros2_ws/src/custom_interfaces -DCMAKE_INSTALL_PREFIX=/home/bkhwaja/vscode/ros2_ws/install/custom_interfaces
[0.569s] -- The C compiler identification is GNU 11.3.0
[2.791s] -- The CXX compiler identification is GNU 11.3.0
[4.973s] -- Detecting C compiler ABI info
[5.919s] -- Detecting C compiler ABI info - done
[5.928s] -- Check for working C compiler: /usr/bin/cc - skipped
[5.929s] -- Detecting C compile features
[5.930s] -- Detecting C compile features - done
[6.315s] -- Detecting CXX compiler ABI info
[6.690s] -- Detecting CXX compiler ABI info - done
[6.696s] -- Check for working CXX compiler: /usr/bin/c++ - skipped
[6.697s] -- Detecting CXX compile features
[6.698s] -- Detecting CXX compile features - done
[6.707s] -- Found ament_cmake: 1.3.5 (/opt/ros/humble/share/ament_cmake/cmake)
[20.322s] -- Found Python3: /usr/bin/python3.10 (found version "3.10.6") found components: Interpreter 
[20.436s] -- Found action_msgs: 1.2.1 (/opt/ros/humble/share/action_msgs/cmake)
[21.144s] -- Found rosidl_generator_c: 3.1.5 (/opt/ros/humble/share/rosidl_generator_c/cmake)
[21.155s] -- Found rosidl_adapter: 3.1.5 (/opt/ros/humble/share/rosidl_adapter/cmake)
[21.174s] -- Found rosidl_generator_cpp: 3.1.5 (/opt/ros/humble/share/rosidl_generator_cpp/cmake)
[21.206s] -- Using all available rosidl_typesupport_c: rosidl_typesupport_fastrtps_c;rosidl_typesupport_introspection_c
[21.241s] -- Using all available rosidl_typesupport_cpp: rosidl_typesupport_fastrtps_cpp;rosidl_typesupport_introspection_cpp
[21.350s] -- Found std_msgs: 4.2.3 (/opt/ros/humble/share/std_msgs/cmake)
[21.399s] -- Found rosidl_default_generators: 1.2.0 (/opt/ros/humble/share/rosidl_default_generators/cmake)
[21.720s] -- Found ament_cmake_ros: 0.10.0 (/opt/ros/humble/share/ament_cmake_ros/cmake)
[22.238s] -- Using all available rosidl_typesupport_c: rosidl_typesupport_fastrtps_c;rosidl_typesupport_introspection_c
[22.436s] -- Using all available rosidl_typesupport_cpp: rosidl_typesupport_fastrtps_cpp;rosidl_typesupport_introspection_cpp
[22.438s] [33mCMake Warning (dev) at /opt/ros/humble/share/rosidl_generator_py/cmake/rosidl_generator_py_generate_interfaces.cmake:20 (find_package):
[22.438s]   Policy CMP0148 is not set: The FindPythonInterp and FindPythonLibs modules
[22.438s]   are removed.  Run "cmake --help-policy CMP0148" for policy details.  Use
[22.438s]   the cmake_policy command to set the policy and suppress this warning.
[22.438s] 
[22.438s] Call Stack (most recent call first):
[22.438s]   /opt/ros/humble/share/ament_cmake_core/cmake/core/ament_execute_extensions.cmake:48 (include)
[22.438s]   /opt/ros/humble/share/rosidl_cmake/cmake/rosidl_generate_interfaces.cmake:286 (ament_execute_extensions)
[22.438s]   CMakeLists.txt:14 (rosidl_generate_interfaces)
[22.438s] This warning is for project developers.  Use -Wno-dev to suppress it.
[22.438s] [0m
[22.905s] -- Found PythonInterp: /usr/bin/python3 (found suitable version "3.10.6", minimum required is "3.6") 
[22.917s] -- Found python_cmake_module: 0.10.0 (/opt/ros/humble/share/python_cmake_module/cmake)
[22.918s] [33mCMake Warning (dev) at /opt/ros/humble/share/python_cmake_module/cmake/Modules/FindPythonExtra.cmake:52 (find_package):
[22.918s]   Policy CMP0148 is not set: The FindPythonInterp and FindPythonLibs modules
[22.918s]   are removed.  Run "cmake --help-policy CMP0148" for policy details.  Use
[22.918s]   the cmake_policy command to set the policy and suppress this warning.
[22.918s] 
[22.918s] Call Stack (most recent call first):
[22.918s]   /opt/ros/humble/share/rosidl_generator_py/cmake/rosidl_generator_py_generate_interfaces.cmake:23 (find_package)
[22.919s]   /opt/ros/humble/share/ament_cmake_core/cmake/core/ament_execute_extensions.cmake:48 (include)
[22.919s]   /opt/ros/humble/share/rosidl_cmake/cmake/rosidl_generate_interfaces.cmake:286 (ament_execute_extensions)
[22.919s]   CMakeLists.txt:14 (rosidl_generate_interfaces)
[22.919s] This warning is for project developers.  Use -Wno-dev to suppress it.
[22.919s] [0m
[22.935s] [33mCMake Warning (dev) at /opt/ros/humble/share/python_cmake_module/cmake/Modules/FindPythonExtra.cmake:140 (find_package):
[22.935s]   Policy CMP0148 is not set: The FindPythonInterp and FindPythonLibs modules
[22.935s]   are removed.  Run "cmake --help-policy CMP0148" for policy details.  Use
[22.935s]   the cmake_policy command to set the policy and suppress this warning.
[22.935s] 
[22.935s] Call Stack (most recent call first):
[22.935s]   /opt/ros/humble/share/rosidl_generator_py/cmake/rosidl_generator_py_generate_interfaces.cmake:23 (find_package)
[22.935s]   /opt/ros/humble/share/ament_cmake_core/cmake/core/ament_execute_extensions.cmake:48 (include)
[22.935s]   /opt/ros/humble/share/rosidl_cmake/cmake/rosidl_generate_interfaces.cmake:286 (ament_execute_extensions)
[22.935s]   CMakeLists.txt:14 (rosidl_generate_interfaces)
[22.936s] This warning is for project developers.  Use -Wno-dev to suppress it.
[22.936s] [0m
[24.593s] -- Found PythonLibs: /usr/lib/x86_64-linux-gnu/libpython3.10.so (found suitable version "3.10.6", minimum required is "3.5") 
[24.593s] -- Using PYTHON_EXECUTABLE: /usr/bin/python3
[24.593s] -- Using PYTHON_INCLUDE_DIRS: /usr/include/python3.10
[24.593s] -- Using PYTHON_LIBRARIES: /usr/lib/x86_64-linux-gnu/libpython3.10.so
[24.609s] -- Found PythonExtra: .so  
[24.784s] -- Found ament_lint_auto: 0.12.7 (/opt/ros/humble/share/ament_lint_auto/cmake)
[24.867s] -- Added test 'flake8' to check Python code syntax and style conventions
[24.868s] -- Added test 'lint_cmake' to check CMake code style
[24.870s] -- Added test 'pep257' to check Python code against some of the docstring style conventions in PEP 257
[24.873s] -- Added test 'xmllint' to check XML markup files
[24.877s] -- Configuring done (24.8s)
[24.919s] -- Generating done (0.0s)
[24.922s] -- Build files have been written to: /home/bkhwaja/vscode/ros2_ws/build/custom_interfaces
[24.935s] Invoked command in '/home/bkhwaja/vscode/ros2_ws/build/custom_interfaces' returned '0': CMAKE_PREFIX_PATH=/opt/ros/humble /home/bkhwaja/.local/bin/cmake /home/bkhwaja/vscode/ros2_ws/src/custom_interfaces -DCMAKE_INSTALL_PREFIX=/home/bkhwaja/vscode/ros2_ws/install/custom_interfaces
[24.936s] Invoking command in '/home/bkhwaja/vscode/ros2_ws/build/custom_interfaces': CMAKE_PREFIX_PATH=/opt/ros/humble /home/bkhwaja/.local/bin/cmake --build /home/bkhwaja/vscode/ros2_ws/build/custom_interfaces -- -j12 -l12
[24.966s] [  3%] [34m[1mGenerating C code for ROS interfaces[0m
[24.969s] [  6%] [34m[1mGenerating C++ code for ROS interfaces[0m
[24.973s] [  6%] Built target ament_cmake_python_copy_custom_interfaces
[25.201s] running egg_info
[25.202s] creating custom_interfaces.egg-info
[25.203s] writing custom_interfaces.egg-info/PKG-INFO
[25.203s] writing dependency_links to custom_interfaces.egg-info/dependency_links.txt
[25.203s] writing top-level names to custom_interfaces.egg-info/top_level.txt
[25.204s] writing manifest file 'custom_interfaces.egg-info/SOURCES.txt'
[25.206s] reading manifest file 'custom_interfaces.egg-info/SOURCES.txt'
[25.206s] writing manifest file 'custom_interfaces.egg-info/SOURCES.txt'
[25.237s] [  6%] Built target ament_cmake_python_build_custom_interfaces_egg
[25.357s] [  6%] Built target custom_interfaces__cpp
[25.360s] [  9%] [34m[1mGenerating C++ type support dispatch for ROS interfaces[0m
[25.362s] [ 16%] [34m[1mGenerating C++ introspection for ROS interfaces[0m
[25.362s] [ 16%] [34m[1mGenerating C++ type support for eProsima Fast-RTPS[0m
[25.384s] [ 19%] [32mBuilding C object CMakeFiles/custom_interfaces__rosidl_generator_c.dir/rosidl_generator_c/custom_interfaces/action/detail/fibionnaci__functions.c.o[0m
[25.559s] [ 22%] [32m[1mLinking C shared library libcustom_interfaces__rosidl_generator_c.so[0m
[25.654s] [ 25%] [32mBuilding CXX object CMakeFiles/custom_interfaces__rosidl_typesupport_cpp.dir/rosidl_typesupport_cpp/custom_interfaces/action/fibionnaci__type_support.cpp.o[0m
[25.712s] [ 29%] [32mBuilding CXX object CMakeFiles/custom_interfaces__rosidl_typesupport_introspection_cpp.dir/rosidl_typesupport_introspection_cpp/custom_interfaces/action/detail/fibionnaci__type_support.cpp.o[0m
[25.731s] [ 32%] [32mBuilding CXX object CMakeFiles/custom_interfaces__rosidl_typesupport_fastrtps_cpp.dir/rosidl_typesupport_fastrtps_cpp/custom_interfaces/action/detail/dds_fastrtps/fibionnaci__type_support.cpp.o[0m
[25.781s] [ 32%] Built target custom_interfaces__rosidl_generator_c
[25.785s] [ 35%] [34m[1mGenerating C introspection for ROS interfaces[0m
[25.786s] [ 38%] [34m[1mGenerating C type support for eProsima Fast-RTPS[0m
[25.787s] [ 41%] [34m[1mGenerating C type support dispatch for ROS interfaces[0m
[26.148s] [ 45%] [32mBuilding CXX object CMakeFiles/custom_interfaces__rosidl_typesupport_c.dir/rosidl_typesupport_c/custom_interfaces/action/fibionnaci__type_support.cpp.o[0m
[26.208s] [ 48%] [32m[1mLinking CXX shared library libcustom_interfaces__rosidl_typesupport_c.so[0m
[26.217s] [ 51%] [32mBuilding C object CMakeFiles/custom_interfaces__rosidl_typesupport_introspection_c.dir/rosidl_typesupport_introspection_c/custom_interfaces/action/detail/fibionnaci__type_support.c.o[0m
[26.250s] [ 54%] [32mBuilding CXX object CMakeFiles/custom_interfaces__rosidl_typesupport_fastrtps_c.dir/rosidl_typesupport_fastrtps_c/custom_interfaces/action/detail/fibionnaci__type_support_c.cpp.o[0m
[26.278s] [ 58%] [32m[1mLinking C shared library libcustom_interfaces__rosidl_typesupport_introspection_c.so[0m
[26.335s] [ 61%] [32m[1mLinking CXX shared library libcustom_interfaces__rosidl_typesupport_cpp.so[0m
[26.410s] [ 61%] Built target custom_interfaces__rosidl_typesupport_c
[26.495s] [ 64%] [32m[1mLinking CXX shared library libcustom_interfaces__rosidl_typesupport_fastrtps_cpp.so[0m
[26.508s] [ 67%] [32m[1mLinking CXX shared library libcustom_interfaces__rosidl_typesupport_introspection_cpp.so[0m
[26.512s] [ 67%] Built target custom_interfaces__rosidl_typesupport_introspection_c
[26.593s] [ 67%] Built target custom_interfaces__rosidl_typesupport_cpp
[26.610s] [ 70%] [32m[1mLinking CXX shared library libcustom_interfaces__rosidl_typesupport_fastrtps_c.so[0m
[26.792s] [ 70%] Built target custom_interfaces__rosidl_typesupport_introspection_cpp
[26.802s] [ 70%] Built target custom_interfaces__rosidl_typesupport_fastrtps_cpp
[26.950s] [ 70%] Built target custom_interfaces__rosidl_typesupport_fastrtps_c
[26.956s] [ 70%] Built target custom_interfaces
[26.963s] [ 74%] [34m[1mGenerating Python code for ROS interfaces[0m
[27.453s] [ 74%] Built target custom_interfaces__py
[27.459s] [ 77%] [32mBuilding C object CMakeFiles/custom_interfaces__rosidl_generator_py.dir/rosidl_generator_py/custom_interfaces/action/_fibionnaci_s.c.o[0m
[27.589s] [ 80%] [32m[1mLinking C shared library rosidl_generator_py/custom_interfaces/libcustom_interfaces__rosidl_generator_py.so[0m
[27.927s] [ 80%] Built target custom_interfaces__rosidl_generator_py
[27.935s] [ 87%] [32mBuilding C object CMakeFiles/custom_interfaces__rosidl_typesupport_c__pyext.dir/rosidl_generator_py/custom_interfaces/_custom_interfaces_s.ep.rosidl_typesupport_c.c.o[0m
[27.935s] [ 87%] [32mBuilding C object CMakeFiles/custom_interfaces__rosidl_typesupport_fastrtps_c__pyext.dir/rosidl_generator_py/custom_interfaces/_custom_interfaces_s.ep.rosidl_typesupport_fastrtps_c.c.o[0m
[27.936s] [ 90%] [32mBuilding C object CMakeFiles/custom_interfaces__rosidl_typesupport_introspection_c__pyext.dir/rosidl_generator_py/custom_interfaces/_custom_interfaces_s.ep.rosidl_typesupport_introspection_c.c.o[0m
[28.013s] [ 93%] [32m[1mLinking C shared library rosidl_generator_py/custom_interfaces/custom_interfaces_s__rosidl_typesupport_fastrtps_c.cpython-310-x86_64-linux-gnu.so[0m
[28.019s] [ 96%] [32m[1mLinking C shared library rosidl_generator_py/custom_interfaces/custom_interfaces_s__rosidl_typesupport_introspection_c.cpython-310-x86_64-linux-gnu.so[0m
[28.033s] [100%] [32m[1mLinking C shared library rosidl_generator_py/custom_interfaces/custom_interfaces_s__rosidl_typesupport_c.cpython-310-x86_64-linux-gnu.so[0m
[28.222s] [100%] Built target custom_interfaces__rosidl_typesupport_fastrtps_c__pyext
[28.227s] [100%] Built target custom_interfaces__rosidl_typesupport_introspection_c__pyext
[28.333s] [100%] Built target custom_interfaces__rosidl_typesupport_c__pyext
[28.340s] Invoked command in '/home/bkhwaja/vscode/ros2_ws/build/custom_interfaces' returned '0': CMAKE_PREFIX_PATH=/opt/ros/humble /home/bkhwaja/.local/bin/cmake --build /home/bkhwaja/vscode/ros2_ws/build/custom_interfaces -- -j12 -l12
[28.414s] Invoking command in '/home/bkhwaja/vscode/ros2_ws/build/custom_interfaces': CMAKE_PREFIX_PATH=/opt/ros/humble /home/bkhwaja/.local/bin/cmake --install /home/bkhwaja/vscode/ros2_ws/build/custom_interfaces
[28.433s] -- Install configuration: ""
[28.436s] -- Installing: /home/bkhwaja/vscode/ros2_ws/install/custom_interfaces/share/ament_index/resource_index/rosidl_interfaces/custom_interfaces
[28.436s] -- Installing: /home/bkhwaja/vscode/ros2_ws/install/custom_interfaces/include/custom_interfaces/custom_interfaces
[28.436s] -- Installing: /home/bkhwaja/vscode/ros2_ws/install/custom_interfaces/include/custom_interfaces/custom_interfaces/msg
[28.436s] -- Installing: /home/bkhwaja/vscode/ros2_ws/install/custom_interfaces/include/custom_interfaces/custom_interfaces/msg/rosidl_generator_c__visibility_control.h
[28.436s] -- Installing: /home/bkhwaja/vscode/ros2_ws/install/custom_interfaces/include/custom_interfaces/custom_interfaces/action
[28.436s] -- Installing: /home/bkhwaja/vscode/ros2_ws/install/custom_interfaces/include/custom_interfaces/custom_interfaces/action/fibionnaci.h
[28.436s] -- Installing: /home/bkhwaja/vscode/ros2_ws/install/custom_interfaces/include/custom_interfaces/custom_interfaces/action/detail
[28.436s] -- Installing: /home/bkhwaja/vscode/ros2_ws/install/custom_interfaces/include/custom_interfaces/custom_interfaces/action/detail/fibionnaci__struct.h
[28.437s] -- Installing: /home/bkhwaja/vscode/ros2_ws/install/custom_interfaces/include/custom_interfaces/custom_interfaces/action/detail/fibionnaci__functions.h
[28.437s] -- Installing: /home/bkhwaja/vscode/ros2_ws/install/custom_interfaces/include/custom_interfaces/custom_interfaces/action/detail/fibionnaci__functions.c
[28.437s] -- Installing: /home/bkhwaja/vscode/ros2_ws/install/custom_interfaces/include/custom_interfaces/custom_interfaces/action/detail/fibionnaci__type_support.h
[28.437s] -- Installing: /home/bkhwaja/vscode/ros2_ws/install/custom_interfaces/share/custom_interfaces/environment/library_path.sh
[28.438s] -- Installing: /home/bkhwaja/vscode/ros2_ws/install/custom_interfaces/share/custom_interfaces/environment/library_path.dsv
[28.438s] -- Installing: /home/bkhwaja/vscode/ros2_ws/install/custom_interfaces/lib/libcustom_interfaces__rosidl_generator_c.so
[28.438s] -- Set runtime path of "/home/bkhwaja/vscode/ros2_ws/install/custom_interfaces/lib/libcustom_interfaces__rosidl_generator_c.so" to ""
[28.438s] -- Up-to-date: /home/bkhwaja/vscode/ros2_ws/install/custom_interfaces/include/custom_interfaces/custom_interfaces
[28.438s] -- Up-to-date: /home/bkhwaja/vscode/ros2_ws/install/custom_interfaces/include/custom_interfaces/custom_interfaces/msg
[28.438s] -- Installing: /home/bkhwaja/vscode/ros2_ws/install/custom_interfaces/include/custom_interfaces/custom_interfaces/msg/rosidl_typesupport_fastrtps_c__visibility_control.h
[28.438s] -- Up-to-date: /home/bkhwaja/vscode/ros2_ws/install/custom_interfaces/include/custom_interfaces/custom_interfaces/action
[28.438s] -- Up-to-date: /home/bkhwaja/vscode/ros2_ws/install/custom_interfaces/include/custom_interfaces/custom_interfaces/action/detail
[28.438s] -- Installing: /home/bkhwaja/vscode/ros2_ws/install/custom_interfaces/include/custom_interfaces/custom_interfaces/action/detail/fibionnaci__rosidl_typesupport_fastrtps_c.h
[28.438s] -- Installing: /home/bkhwaja/vscode/ros2_ws/install/custom_interfaces/lib/libcustom_interfaces__rosidl_typesupport_fastrtps_c.so
[28.438s] -- Set runtime path of "/home/bkhwaja/vscode/ros2_ws/install/custom_interfaces/lib/libcustom_interfaces__rosidl_typesupport_fastrtps_c.so" to ""
[28.438s] -- Up-to-date: /home/bkhwaja/vscode/ros2_ws/install/custom_interfaces/include/custom_interfaces/custom_interfaces
[28.438s] -- Up-to-date: /home/bkhwaja/vscode/ros2_ws/install/custom_interfaces/include/custom_interfaces/custom_interfaces/action
[28.439s] -- Installing: /home/bkhwaja/vscode/ros2_ws/install/custom_interfaces/include/custom_interfaces/custom_interfaces/action/fibionnaci.hpp
[28.439s] -- Up-to-date: /home/bkhwaja/vscode/ros2_ws/install/custom_interfaces/include/custom_interfaces/custom_interfaces/action/detail
[28.439s] -- Installing: /home/bkhwaja/vscode/ros2_ws/install/custom_interfaces/include/custom_interfaces/custom_interfaces/action/detail/fibionnaci__traits.hpp
[28.439s] -- Installing: /home/bkhwaja/vscode/ros2_ws/install/custom_interfaces/include/custom_interfaces/custom_interfaces/action/detail/fibionnaci__struct.hpp
[28.439s] -- Installing: /home/bkhwaja/vscode/ros2_ws/install/custom_interfaces/include/custom_interfaces/custom_interfaces/action/detail/fibionnaci__builder.hpp
[28.439s] -- Up-to-date: /home/bkhwaja/vscode/ros2_ws/install/custom_interfaces/include/custom_interfaces/custom_interfaces
[28.440s] -- Up-to-date: /home/bkhwaja/vscode/ros2_ws/install/custom_interfaces/include/custom_interfaces/custom_interfaces/msg
[28.440s] -- Installing: /home/bkhwaja/vscode/ros2_ws/install/custom_interfaces/include/custom_interfaces/custom_interfaces/msg/rosidl_typesupport_fastrtps_cpp__visibility_control.h
[28.440s] -- Up-to-date: /home/bkhwaja/vscode/ros2_ws/install/custom_interfaces/include/custom_interfaces/custom_interfaces/action
[28.440s] -- Up-to-date: /home/bkhwaja/vscode/ros2_ws/install/custom_interfaces/include/custom_interfaces/custom_interfaces/action/detail
[28.440s] -- Installing: /home/bkhwaja/vscode/ros2_ws/install/custom_interfaces/include/custom_interfaces/custom_interfaces/action/detail/dds_fastrtps
[28.440s] -- Installing: /home/bkhwaja/vscode/ros2_ws/install/custom_interfaces/include/custom_interfaces/custom_interfaces/action/detail/fibionnaci__rosidl_typesupport_fastrtps_cpp.hpp
[28.440s] -- Installing: /home/bkhwaja/vscode/ros2_ws/install/custom_interfaces/lib/libcustom_interfaces__rosidl_typesupport_fastrtps_cpp.so
[28.441s] -- Set runtime path of "/home/bkhwaja/vscode/ros2_ws/install/custom_interfaces/lib/libcustom_interfaces__rosidl_typesupport_fastrtps_cpp.so" to ""
[28.441s] -- Up-to-date: /home/bkhwaja/vscode/ros2_ws/install/custom_interfaces/include/custom_interfaces/custom_interfaces
[28.441s] -- Up-to-date: /home/bkhwaja/vscode/ros2_ws/install/custom_interfaces/include/custom_interfaces/custom_interfaces/msg
[28.441s] -- Installing: /home/bkhwaja/vscode/ros2_ws/install/custom_interfaces/include/custom_interfaces/custom_interfaces/msg/rosidl_typesupport_introspection_c__visibility_control.h
[28.441s] -- Up-to-date: /home/bkhwaja/vscode/ros2_ws/install/custom_interfaces/include/custom_interfaces/custom_interfaces/action
[28.441s] -- Up-to-date: /home/bkhwaja/vscode/ros2_ws/install/custom_interfaces/include/custom_interfaces/custom_interfaces/action/detail
[28.441s] -- Installing: /home/bkhwaja/vscode/ros2_ws/install/custom_interfaces/include/custom_interfaces/custom_interfaces/action/detail/fibionnaci__type_support.c
[28.441s] -- Installing: /home/bkhwaja/vscode/ros2_ws/install/custom_interfaces/include/custom_interfaces/custom_interfaces/action/detail/fibionnaci__rosidl_typesupport_introspection_c.h
[28.441s] -- Installing: /home/bkhwaja/vscode/ros2_ws/install/custom_interfaces/lib/libcustom_interfaces__rosidl_typesupport_introspection_c.so
[28.442s] -- Set runtime path of "/home/bkhwaja/vscode/ros2_ws/install/custom_interfaces/lib/libcustom_interfaces__rosidl_typesupport_introspection_c.so" to ""
[28.442s] -- Installing: /home/bkhwaja/vscode/ros2_ws/install/custom_interfaces/lib/libcustom_interfaces__rosidl_typesupport_c.so
[28.442s] -- Set runtime path of "/home/bkhwaja/vscode/ros2_ws/install/custom_interfaces/lib/libcustom_interfaces__rosidl_typesupport_c.so" to ""
[28.442s] -- Up-to-date: /home/bkhwaja/vscode/ros2_ws/install/custom_interfaces/include/custom_interfaces/custom_interfaces
[28.442s] -- Up-to-date: /home/bkhwaja/vscode/ros2_ws/install/custom_interfaces/include/custom_interfaces/custom_interfaces/action
[28.442s] -- Up-to-date: /home/bkhwaja/vscode/ros2_ws/install/custom_interfaces/include/custom_interfaces/custom_interfaces/action/detail
[28.442s] -- Installing: /home/bkhwaja/vscode/ros2_ws/install/custom_interfaces/include/custom_interfaces/custom_interfaces/action/detail/fibionnaci__type_support.cpp
[28.443s] -- Installing: /home/bkhwaja/vscode/ros2_ws/install/custom_interfaces/include/custom_interfaces/custom_interfaces/action/detail/fibionnaci__rosidl_typesupport_introspection_cpp.hpp
[28.443s] -- Installing: /home/bkhwaja/vscode/ros2_ws/install/custom_interfaces/lib/libcustom_interfaces__rosidl_typesupport_introspection_cpp.so
[28.443s] -- Set runtime path of "/home/bkhwaja/vscode/ros2_ws/install/custom_interfaces/lib/libcustom_interfaces__rosidl_typesupport_introspection_cpp.so" to ""
[28.443s] -- Installing: /home/bkhwaja/vscode/ros2_ws/install/custom_interfaces/lib/libcustom_interfaces__rosidl_typesupport_cpp.so
[28.443s] -- Set runtime path of "/home/bkhwaja/vscode/ros2_ws/install/custom_interfaces/lib/libcustom_interfaces__rosidl_typesupport_cpp.so" to ""
[28.443s] -- Installing: /home/bkhwaja/vscode/ros2_ws/install/custom_interfaces/share/custom_interfaces/environment/pythonpath.sh
[28.443s] -- Installing: /home/bkhwaja/vscode/ros2_ws/install/custom_interfaces/share/custom_interfaces/environment/pythonpath.dsv
[28.443s] -- Installing: /home/bkhwaja/vscode/ros2_ws/install/custom_interfaces/local/lib/python3.10/dist-packages/custom_interfaces-0.0.0-py3.10.egg-info
[28.444s] -- Installing: /home/bkhwaja/vscode/ros2_ws/install/custom_interfaces/local/lib/python3.10/dist-packages/custom_interfaces-0.0.0-py3.10.egg-info/top_level.txt
[28.444s] -- Installing: /home/bkhwaja/vscode/ros2_ws/install/custom_interfaces/local/lib/python3.10/dist-packages/custom_interfaces-0.0.0-py3.10.egg-info/dependency_links.txt
[28.444s] -- Installing: /home/bkhwaja/vscode/ros2_ws/install/custom_interfaces/local/lib/python3.10/dist-packages/custom_interfaces-0.0.0-py3.10.egg-info/SOURCES.txt
[28.445s] -- Installing: /home/bkhwaja/vscode/ros2_ws/install/custom_interfaces/local/lib/python3.10/dist-packages/custom_interfaces-0.0.0-py3.10.egg-info/PKG-INFO
[28.445s] -- Installing: /home/bkhwaja/vscode/ros2_ws/install/custom_interfaces/local/lib/python3.10/dist-packages/custom_interfaces
[28.445s] -- Installing: /home/bkhwaja/vscode/ros2_ws/install/custom_interfaces/local/lib/python3.10/dist-packages/custom_interfaces/custom_interfaces_s__rosidl_typesupport_fastrtps_c.cpython-310-x86_64-linux-gnu.so
[28.445s] -- Installing: /home/bkhwaja/vscode/ros2_ws/install/custom_interfaces/local/lib/python3.10/dist-packages/custom_interfaces/_custom_interfaces_s.ep.rosidl_typesupport_c.c
[28.445s] -- Installing: /home/bkhwaja/vscode/ros2_ws/install/custom_interfaces/local/lib/python3.10/dist-packages/custom_interfaces/custom_interfaces_s__rosidl_typesupport_introspection_c.cpython-310-x86_64-linux-gnu.so
[28.445s] -- Installing: /home/bkhwaja/vscode/ros2_ws/install/custom_interfaces/local/lib/python3.10/dist-packages/custom_interfaces/libcustom_interfaces__rosidl_generator_py.so
[28.446s] -- Installing: /home/bkhwaja/vscode/ros2_ws/install/custom_interfaces/local/lib/python3.10/dist-packages/custom_interfaces/_custom_interfaces_s.ep.rosidl_typesupport_fastrtps_c.c
[28.446s] -- Installing: /home/bkhwaja/vscode/ros2_ws/install/custom_interfaces/local/lib/python3.10/dist-packages/custom_interfaces/custom_interfaces_s__rosidl_typesupport_c.cpython-310-x86_64-linux-gnu.so
[28.446s] -- Installing: /home/bkhwaja/vscode/ros2_ws/install/custom_interfaces/local/lib/python3.10/dist-packages/custom_interfaces/_custom_interfaces_s.ep.rosidl_typesupport_introspection_c.c
[28.446s] -- Installing: /home/bkhwaja/vscode/ros2_ws/install/custom_interfaces/local/lib/python3.10/dist-packages/custom_interfaces/__init__.py
[28.446s] -- Installing: /home/bkhwaja/vscode/ros2_ws/install/custom_interfaces/local/lib/python3.10/dist-packages/custom_interfaces/action
[28.447s] -- Installing: /home/bkhwaja/vscode/ros2_ws/install/custom_interfaces/local/lib/python3.10/dist-packages/custom_interfaces/action/_fibionnaci.py
[28.447s] -- Installing: /home/bkhwaja/vscode/ros2_ws/install/custom_interfaces/local/lib/python3.10/dist-packages/custom_interfaces/action/__init__.py
[28.447s] -- Installing: /home/bkhwaja/vscode/ros2_ws/install/custom_interfaces/local/lib/python3.10/dist-packages/custom_interfaces/action/_fibionnaci_s.c
[28.475s] Listing '/home/bkhwaja/vscode/ros2_ws/install/custom_interfaces/local/lib/python3.10/dist-packages/custom_interfaces'...
[28.475s] Compiling '/home/bkhwaja/vscode/ros2_ws/install/custom_interfaces/local/lib/python3.10/dist-packages/custom_interfaces/__init__.py'...
[28.475s] Listing '/home/bkhwaja/vscode/ros2_ws/install/custom_interfaces/local/lib/python3.10/dist-packages/custom_interfaces/action'...
[28.475s] Compiling '/home/bkhwaja/vscode/ros2_ws/install/custom_interfaces/local/lib/python3.10/dist-packages/custom_interfaces/action/__init__.py'...
[28.475s] Compiling '/home/bkhwaja/vscode/ros2_ws/install/custom_interfaces/local/lib/python3.10/dist-packages/custom_interfaces/action/_fibionnaci.py'...
[28.479s] -- Installing: /home/bkhwaja/vscode/ros2_ws/install/custom_interfaces/local/lib/python3.10/dist-packages/custom_interfaces/custom_interfaces_s__rosidl_typesupport_fastrtps_c.cpython-310-x86_64-linux-gnu.so
[28.479s] -- Set runtime path of "/home/bkhwaja/vscode/ros2_ws/install/custom_interfaces/local/lib/python3.10/dist-packages/custom_interfaces/custom_interfaces_s__rosidl_typesupport_fastrtps_c.cpython-310-x86_64-linux-gnu.so" to ""
[28.479s] -- Installing: /home/bkhwaja/vscode/ros2_ws/install/custom_interfaces/local/lib/python3.10/dist-packages/custom_interfaces/custom_interfaces_s__rosidl_typesupport_introspection_c.cpython-310-x86_64-linux-gnu.so
[28.480s] -- Set runtime path of "/home/bkhwaja/vscode/ros2_ws/install/custom_interfaces/local/lib/python3.10/dist-packages/custom_interfaces/custom_interfaces_s__rosidl_typesupport_introspection_c.cpython-310-x86_64-linux-gnu.so" to ""
[28.480s] -- Installing: /home/bkhwaja/vscode/ros2_ws/install/custom_interfaces/local/lib/python3.10/dist-packages/custom_interfaces/custom_interfaces_s__rosidl_typesupport_c.cpython-310-x86_64-linux-gnu.so
[28.480s] -- Set runtime path of "/home/bkhwaja/vscode/ros2_ws/install/custom_interfaces/local/lib/python3.10/dist-packages/custom_interfaces/custom_interfaces_s__rosidl_typesupport_c.cpython-310-x86_64-linux-gnu.so" to ""
[28.480s] -- Installing: /home/bkhwaja/vscode/ros2_ws/install/custom_interfaces/lib/libcustom_interfaces__rosidl_generator_py.so
[28.480s] -- Set runtime path of "/home/bkhwaja/vscode/ros2_ws/install/custom_interfaces/lib/libcustom_interfaces__rosidl_generator_py.so" to ""
[28.480s] -- Installing: /home/bkhwaja/vscode/ros2_ws/install/custom_interfaces/share/custom_interfaces/action/Fibionnaci.idl
[28.481s] -- Installing: /home/bkhwaja/vscode/ros2_ws/install/custom_interfaces/share/custom_interfaces/action/Fibionnaci.action
[28.481s] -- Installing: /home/bkhwaja/vscode/ros2_ws/install/custom_interfaces/share/ament_index/resource_index/package_run_dependencies/custom_interfaces
[28.481s] -- Installing: /home/bkhwaja/vscode/ros2_ws/install/custom_interfaces/share/ament_index/resource_index/parent_prefix_path/custom_interfaces
[28.481s] -- Installing: /home/bkhwaja/vscode/ros2_ws/install/custom_interfaces/share/custom_interfaces/environment/ament_prefix_path.sh
[28.481s] -- Installing: /home/bkhwaja/vscode/ros2_ws/install/custom_interfaces/share/custom_interfaces/environment/ament_prefix_path.dsv
[28.481s] -- Installing: /home/bkhwaja/vscode/ros2_ws/install/custom_interfaces/share/custom_interfaces/environment/path.sh
[28.481s] -- Installing: /home/bkhwaja/vscode/ros2_ws/install/custom_interfaces/share/custom_interfaces/environment/path.dsv
[28.481s] -- Installing: /home/bkhwaja/vscode/ros2_ws/install/custom_interfaces/share/custom_interfaces/local_setup.bash
[28.482s] -- Installing: /home/bkhwaja/vscode/ros2_ws/install/custom_interfaces/share/custom_interfaces/local_setup.sh
[28.482s] -- Installing: /home/bkhwaja/vscode/ros2_ws/install/custom_interfaces/share/custom_interfaces/local_setup.zsh
[28.482s] -- Installing: /home/bkhwaja/vscode/ros2_ws/install/custom_interfaces/share/custom_interfaces/local_setup.dsv
[28.482s] -- Installing: /home/bkhwaja/vscode/ros2_ws/install/custom_interfaces/share/custom_interfaces/package.dsv
[28.482s] -- Installing: /home/bkhwaja/vscode/ros2_ws/install/custom_interfaces/share/ament_index/resource_index/packages/custom_interfaces
[28.482s] -- Installing: /home/bkhwaja/vscode/ros2_ws/install/custom_interfaces/share/custom_interfaces/cmake/export_custom_interfaces__rosidl_generator_cExport.cmake
[28.483s] -- Installing: /home/bkhwaja/vscode/ros2_ws/install/custom_interfaces/share/custom_interfaces/cmake/export_custom_interfaces__rosidl_generator_cExport-noconfig.cmake
[28.483s] -- Installing: /home/bkhwaja/vscode/ros2_ws/install/custom_interfaces/share/custom_interfaces/cmake/export_custom_interfaces__rosidl_typesupport_fastrtps_cExport.cmake
[28.483s] -- Installing: /home/bkhwaja/vscode/ros2_ws/install/custom_interfaces/share/custom_interfaces/cmake/export_custom_interfaces__rosidl_typesupport_fastrtps_cExport-noconfig.cmake
[28.484s] -- Installing: /home/bkhwaja/vscode/ros2_ws/install/custom_interfaces/share/custom_interfaces/cmake/export_custom_interfaces__rosidl_generator_cppExport.cmake
[28.484s] -- Installing: /home/bkhwaja/vscode/ros2_ws/install/custom_interfaces/share/custom_interfaces/cmake/export_custom_interfaces__rosidl_typesupport_fastrtps_cppExport.cmake
[28.484s] -- Installing: /home/bkhwaja/vscode/ros2_ws/install/custom_interfaces/share/custom_interfaces/cmake/export_custom_interfaces__rosidl_typesupport_fastrtps_cppExport-noconfig.cmake
[28.484s] -- Installing: /home/bkhwaja/vscode/ros2_ws/install/custom_interfaces/share/custom_interfaces/cmake/custom_interfaces__rosidl_typesupport_introspection_cExport.cmake
[28.484s] -- Installing: /home/bkhwaja/vscode/ros2_ws/install/custom_interfaces/share/custom_interfaces/cmake/custom_interfaces__rosidl_typesupport_introspection_cExport-noconfig.cmake
[28.484s] -- Installing: /home/bkhwaja/vscode/ros2_ws/install/custom_interfaces/share/custom_interfaces/cmake/custom_interfaces__rosidl_typesupport_cExport.cmake
[28.485s] -- Installing: /home/bkhwaja/vscode/ros2_ws/install/custom_interfaces/share/custom_interfaces/cmake/custom_interfaces__rosidl_typesupport_cExport-noconfig.cmake
[28.485s] -- Installing: /home/bkhwaja/vscode/ros2_ws/install/custom_interfaces/share/custom_interfaces/cmake/custom_interfaces__rosidl_typesupport_introspection_cppExport.cmake
[28.485s] -- Installing: /home/bkhwaja/vscode/ros2_ws/install/custom_interfaces/share/custom_interfaces/cmake/custom_interfaces__rosidl_typesupport_introspection_cppExport-noconfig.cmake
[28.485s] -- Installing: /home/bkhwaja/vscode/ros2_ws/install/custom_interfaces/share/custom_interfaces/cmake/custom_interfaces__rosidl_typesupport_cppExport.cmake
[28.485s] -- Installing: /home/bkhwaja/vscode/ros2_ws/install/custom_interfaces/share/custom_interfaces/cmake/custom_interfaces__rosidl_typesupport_cppExport-noconfig.cmake
[28.485s] -- Installing: /home/bkhwaja/vscode/ros2_ws/install/custom_interfaces/share/custom_interfaces/cmake/export_custom_interfaces__rosidl_generator_pyExport.cmake
[28.485s] -- Installing: /home/bkhwaja/vscode/ros2_ws/install/custom_interfaces/share/custom_interfaces/cmake/export_custom_interfaces__rosidl_generator_pyExport-noconfig.cmake
[28.485s] -- Installing: /home/bkhwaja/vscode/ros2_ws/install/custom_interfaces/share/custom_interfaces/cmake/rosidl_cmake-extras.cmake
[28.485s] -- Installing: /home/bkhwaja/vscode/ros2_ws/install/custom_interfaces/share/custom_interfaces/cmake/ament_cmake_export_dependencies-extras.cmake
[28.485s] -- Installing: /home/bkhwaja/vscode/ros2_ws/install/custom_interfaces/share/custom_interfaces/cmake/ament_cmake_export_include_directories-extras.cmake
[28.486s] -- Installing: /home/bkhwaja/vscode/ros2_ws/install/custom_interfaces/share/custom_interfaces/cmake/ament_cmake_export_libraries-extras.cmake
[28.486s] -- Installing: /home/bkhwaja/vscode/ros2_ws/install/custom_interfaces/share/custom_interfaces/cmake/ament_cmake_export_targets-extras.cmake
[28.486s] -- Installing: /home/bkhwaja/vscode/ros2_ws/install/custom_interfaces/share/custom_interfaces/cmake/rosidl_cmake_export_typesupport_targets-extras.cmake
[28.486s] -- Installing: /home/bkhwaja/vscode/ros2_ws/install/custom_interfaces/share/custom_interfaces/cmake/rosidl_cmake_export_typesupport_libraries-extras.cmake
[28.486s] -- Installing: /home/bkhwaja/vscode/ros2_ws/install/custom_interfaces/share/custom_interfaces/cmake/custom_interfacesConfig.cmake
[28.487s] -- Installing: /home/bkhwaja/vscode/ros2_ws/install/custom_interfaces/share/custom_interfaces/cmake/custom_interfacesConfig-version.cmake
[28.487s] -- Installing: /home/bkhwaja/vscode/ros2_ws/install/custom_interfaces/share/custom_interfaces/package.xml
[28.493s] Invoked command in '/home/bkhwaja/vscode/ros2_ws/build/custom_interfaces' returned '0': CMAKE_PREFIX_PATH=/opt/ros/humble /home/bkhwaja/.local/bin/cmake --install /home/bkhwaja/vscode/ros2_ws/build/custom_interfaces
