[0.027s] Invoking command in '/home/bkhwaja/vscode/ros2_ws/build/custom_interfaces': CMAKE_PREFIX_PATH=/opt/ros/humble /home/bkhwaja/.local/bin/cmake --build /home/bkhwaja/vscode/ros2_ws/build/custom_interfaces -- -j12 -l12
[0.215s] [  3%] Built target custom_interfaces__cpp
[0.234s] [ 12%] Built target custom_interfaces__rosidl_generator_c
[0.241s] [ 12%] Built target ament_cmake_python_copy_custom_interfaces
[0.251s] [ 22%] Built target custom_interfaces__rosidl_typesupport_introspection_cpp
[0.259s] [ 32%] Built target custom_interfaces__rosidl_typesupport_fastrtps_cpp
[0.260s] [ 41%] Built target custom_interfaces__rosidl_typesupport_cpp
[0.264s] [ 51%] Built target custom_interfaces__rosidl_typesupport_introspection_c
[0.267s] [ 61%] Built target custom_interfaces__rosidl_typesupport_c
[0.268s] [ 70%] Built target custom_interfaces__rosidl_typesupport_fastrtps_c
[0.284s] [ 70%] Built target custom_interfaces
[0.297s] [ 74%] Built target custom_interfaces__py
[0.316s] [ 80%] Built target custom_interfaces__rosidl_generator_py
[0.331s] [ 87%] Built target custom_interfaces__rosidl_typesupport_introspection_c__pyext
[0.334s] [ 93%] Built target custom_interfaces__rosidl_typesupport_c__pyext
[0.337s] [100%] Built target custom_interfaces__rosidl_typesupport_fastrtps_c__pyext
[0.644s] running egg_info
[0.645s] writing custom_interfaces.egg-info/PKG-INFO
[0.646s] writing dependency_links to custom_interfaces.egg-info/dependency_links.txt
[0.647s] writing top-level names to custom_interfaces.egg-info/top_level.txt
[0.649s] reading manifest file 'custom_interfaces.egg-info/SOURCES.txt'
[0.650s] writing manifest file 'custom_interfaces.egg-info/SOURCES.txt'
[0.687s] [100%] Built target ament_cmake_python_build_custom_interfaces_egg
[0.701s] Invoked command in '/home/bkhwaja/vscode/ros2_ws/build/custom_interfaces' returned '0': CMAKE_PREFIX_PATH=/opt/ros/humble /home/bkhwaja/.local/bin/cmake --build /home/bkhwaja/vscode/ros2_ws/build/custom_interfaces -- -j12 -l12
[0.897s] Invoking command in '/home/bkhwaja/vscode/ros2_ws/build/custom_interfaces': CMAKE_PREFIX_PATH=/opt/ros/humble /home/bkhwaja/.local/bin/cmake --install /home/bkhwaja/vscode/ros2_ws/build/custom_interfaces
[0.947s] -- Install configuration: ""
[0.948s] -- Up-to-date: /home/bkhwaja/vscode/ros2_ws/install/custom_interfaces/share/ament_index/resource_index/rosidl_interfaces/custom_interfaces
[0.948s] -- Up-to-date: /home/bkhwaja/vscode/ros2_ws/install/custom_interfaces/include/custom_interfaces/custom_interfaces
[0.949s] -- Up-to-date: /home/bkhwaja/vscode/ros2_ws/install/custom_interfaces/include/custom_interfaces/custom_interfaces/msg
[0.949s] -- Up-to-date: /home/bkhwaja/vscode/ros2_ws/install/custom_interfaces/include/custom_interfaces/custom_interfaces/msg/rosidl_generator_c__visibility_control.h
[0.949s] -- Up-to-date: /home/bkhwaja/vscode/ros2_ws/install/custom_interfaces/include/custom_interfaces/custom_interfaces/action
[0.949s] -- Up-to-date: /home/bkhwaja/vscode/ros2_ws/install/custom_interfaces/include/custom_interfaces/custom_interfaces/action/fibionnaci.h
[0.950s] -- Up-to-date: /home/bkhwaja/vscode/ros2_ws/install/custom_interfaces/include/custom_interfaces/custom_interfaces/action/detail
[0.950s] -- Up-to-date: /home/bkhwaja/vscode/ros2_ws/install/custom_interfaces/include/custom_interfaces/custom_interfaces/action/detail/fibionnaci__struct.h
[0.950s] -- Up-to-date: /home/bkhwaja/vscode/ros2_ws/install/custom_interfaces/include/custom_interfaces/custom_interfaces/action/detail/fibionnaci__functions.h
[0.950s] -- Up-to-date: /home/bkhwaja/vscode/ros2_ws/install/custom_interfaces/include/custom_interfaces/custom_interfaces/action/detail/fibionnaci__functions.c
[0.950s] -- Up-to-date: /home/bkhwaja/vscode/ros2_ws/install/custom_interfaces/include/custom_interfaces/custom_interfaces/action/detail/fibionnaci__type_support.h
[0.950s] -- Up-to-date: /home/bkhwaja/vscode/ros2_ws/install/custom_interfaces/share/custom_interfaces/environment/library_path.sh
[0.950s] -- Up-to-date: /home/bkhwaja/vscode/ros2_ws/install/custom_interfaces/share/custom_interfaces/environment/library_path.dsv
[0.953s] -- Up-to-date: /home/bkhwaja/vscode/ros2_ws/install/custom_interfaces/lib/libcustom_interfaces__rosidl_generator_c.so
[0.953s] -- Up-to-date: /home/bkhwaja/vscode/ros2_ws/install/custom_interfaces/include/custom_interfaces/custom_interfaces
[0.953s] -- Up-to-date: /home/bkhwaja/vscode/ros2_ws/install/custom_interfaces/include/custom_interfaces/custom_interfaces/msg
[0.954s] -- Up-to-date: /home/bkhwaja/vscode/ros2_ws/install/custom_interfaces/include/custom_interfaces/custom_interfaces/msg/rosidl_typesupport_fastrtps_c__visibility_control.h
[0.954s] -- Up-to-date: /home/bkhwaja/vscode/ros2_ws/install/custom_interfaces/include/custom_interfaces/custom_interfaces/action
[0.954s] -- Up-to-date: /home/bkhwaja/vscode/ros2_ws/install/custom_interfaces/include/custom_interfaces/custom_interfaces/action/detail
[0.954s] -- Up-to-date: /home/bkhwaja/vscode/ros2_ws/install/custom_interfaces/include/custom_interfaces/custom_interfaces/action/detail/fibionnaci__rosidl_typesupport_fastrtps_c.h
[0.954s] -- Up-to-date: /home/bkhwaja/vscode/ros2_ws/install/custom_interfaces/lib/libcustom_interfaces__rosidl_typesupport_fastrtps_c.so
[0.954s] -- Up-to-date: /home/bkhwaja/vscode/ros2_ws/install/custom_interfaces/include/custom_interfaces/custom_interfaces
[0.955s] -- Up-to-date: /home/bkhwaja/vscode/ros2_ws/install/custom_interfaces/include/custom_interfaces/custom_interfaces/action
[0.955s] -- Up-to-date: /home/bkhwaja/vscode/ros2_ws/install/custom_interfaces/include/custom_interfaces/custom_interfaces/action/fibionnaci.hpp
[0.955s] -- Up-to-date: /home/bkhwaja/vscode/ros2_ws/install/custom_interfaces/include/custom_interfaces/custom_interfaces/action/detail
[0.956s] -- Up-to-date: /home/bkhwaja/vscode/ros2_ws/install/custom_interfaces/include/custom_interfaces/custom_interfaces/action/detail/fibionnaci__traits.hpp
[0.956s] -- Up-to-date: /home/bkhwaja/vscode/ros2_ws/install/custom_interfaces/include/custom_interfaces/custom_interfaces/action/detail/fibionnaci__struct.hpp
[0.956s] -- Up-to-date: /home/bkhwaja/vscode/ros2_ws/install/custom_interfaces/include/custom_interfaces/custom_interfaces/action/detail/fibionnaci__builder.hpp
[0.956s] -- Up-to-date: /home/bkhwaja/vscode/ros2_ws/install/custom_interfaces/include/custom_interfaces/custom_interfaces
[0.956s] -- Up-to-date: /home/bkhwaja/vscode/ros2_ws/install/custom_interfaces/include/custom_interfaces/custom_interfaces/msg
[0.956s] -- Up-to-date: /home/bkhwaja/vscode/ros2_ws/install/custom_interfaces/include/custom_interfaces/custom_interfaces/msg/rosidl_typesupport_fastrtps_cpp__visibility_control.h
[0.956s] -- Up-to-date: /home/bkhwaja/vscode/ros2_ws/install/custom_interfaces/include/custom_interfaces/custom_interfaces/action
[0.956s] -- Up-to-date: /home/bkhwaja/vscode/ros2_ws/install/custom_interfaces/include/custom_interfaces/custom_interfaces/action/detail
[0.956s] -- Up-to-date: /home/bkhwaja/vscode/ros2_ws/install/custom_interfaces/include/custom_interfaces/custom_interfaces/action/detail/dds_fastrtps
[0.956s] -- Up-to-date: /home/bkhwaja/vscode/ros2_ws/install/custom_interfaces/include/custom_interfaces/custom_interfaces/action/detail/fibionnaci__rosidl_typesupport_fastrtps_cpp.hpp
[0.957s] -- Up-to-date: /home/bkhwaja/vscode/ros2_ws/install/custom_interfaces/lib/libcustom_interfaces__rosidl_typesupport_fastrtps_cpp.so
[0.958s] -- Up-to-date: /home/bkhwaja/vscode/ros2_ws/install/custom_interfaces/include/custom_interfaces/custom_interfaces
[0.958s] -- Up-to-date: /home/bkhwaja/vscode/ros2_ws/install/custom_interfaces/include/custom_interfaces/custom_interfaces/msg
[0.958s] -- Up-to-date: /home/bkhwaja/vscode/ros2_ws/install/custom_interfaces/include/custom_interfaces/custom_interfaces/msg/rosidl_typesupport_introspection_c__visibility_control.h
[0.958s] -- Up-to-date: /home/bkhwaja/vscode/ros2_ws/install/custom_interfaces/include/custom_interfaces/custom_interfaces/action
[0.958s] -- Up-to-date: /home/bkhwaja/vscode/ros2_ws/install/custom_interfaces/include/custom_interfaces/custom_interfaces/action/detail
[0.958s] -- Up-to-date: /home/bkhwaja/vscode/ros2_ws/install/custom_interfaces/include/custom_interfaces/custom_interfaces/action/detail/fibionnaci__type_support.c
[0.958s] -- Up-to-date: /home/bkhwaja/vscode/ros2_ws/install/custom_interfaces/include/custom_interfaces/custom_interfaces/action/detail/fibionnaci__rosidl_typesupport_introspection_c.h
[0.959s] -- Up-to-date: /home/bkhwaja/vscode/ros2_ws/install/custom_interfaces/lib/libcustom_interfaces__rosidl_typesupport_introspection_c.so
[0.961s] -- Up-to-date: /home/bkhwaja/vscode/ros2_ws/install/custom_interfaces/lib/libcustom_interfaces__rosidl_typesupport_c.so
[0.961s] -- Up-to-date: /home/bkhwaja/vscode/ros2_ws/install/custom_interfaces/include/custom_interfaces/custom_interfaces
[0.961s] -- Up-to-date: /home/bkhwaja/vscode/ros2_ws/install/custom_interfaces/include/custom_interfaces/custom_interfaces/action
[0.961s] -- Up-to-date: /home/bkhwaja/vscode/ros2_ws/install/custom_interfaces/include/custom_interfaces/custom_interfaces/action/detail
[0.962s] -- Up-to-date: /home/bkhwaja/vscode/ros2_ws/install/custom_interfaces/include/custom_interfaces/custom_interfaces/action/detail/fibionnaci__type_support.cpp
[0.962s] -- Up-to-date: /home/bkhwaja/vscode/ros2_ws/install/custom_interfaces/include/custom_interfaces/custom_interfaces/action/detail/fibionnaci__rosidl_typesupport_introspection_cpp.hpp
[0.962s] -- Up-to-date: /home/bkhwaja/vscode/ros2_ws/install/custom_interfaces/lib/libcustom_interfaces__rosidl_typesupport_introspection_cpp.so
[0.967s] -- Up-to-date: /home/bkhwaja/vscode/ros2_ws/install/custom_interfaces/lib/libcustom_interfaces__rosidl_typesupport_cpp.so
[0.967s] -- Up-to-date: /home/bkhwaja/vscode/ros2_ws/install/custom_interfaces/share/custom_interfaces/environment/pythonpath.sh
[0.967s] -- Up-to-date: /home/bkhwaja/vscode/ros2_ws/install/custom_interfaces/share/custom_interfaces/environment/pythonpath.dsv
[0.967s] -- Up-to-date: /home/bkhwaja/vscode/ros2_ws/install/custom_interfaces/local/lib/python3.10/dist-packages/custom_interfaces-0.0.0-py3.10.egg-info
[0.967s] -- Installing: /home/bkhwaja/vscode/ros2_ws/install/custom_interfaces/local/lib/python3.10/dist-packages/custom_interfaces-0.0.0-py3.10.egg-info/top_level.txt
[0.967s] -- Installing: /home/bkhwaja/vscode/ros2_ws/install/custom_interfaces/local/lib/python3.10/dist-packages/custom_interfaces-0.0.0-py3.10.egg-info/dependency_links.txt
[0.967s] -- Installing: /home/bkhwaja/vscode/ros2_ws/install/custom_interfaces/local/lib/python3.10/dist-packages/custom_interfaces-0.0.0-py3.10.egg-info/SOURCES.txt
[0.967s] -- Installing: /home/bkhwaja/vscode/ros2_ws/install/custom_interfaces/local/lib/python3.10/dist-packages/custom_interfaces-0.0.0-py3.10.egg-info/PKG-INFO
[0.967s] -- Up-to-date: /home/bkhwaja/vscode/ros2_ws/install/custom_interfaces/local/lib/python3.10/dist-packages/custom_interfaces
[0.968s] -- Up-to-date: /home/bkhwaja/vscode/ros2_ws/install/custom_interfaces/local/lib/python3.10/dist-packages/custom_interfaces/custom_interfaces_s__rosidl_typesupport_fastrtps_c.cpython-310-x86_64-linux-gnu.so
[0.968s] -- Up-to-date: /home/bkhwaja/vscode/ros2_ws/install/custom_interfaces/local/lib/python3.10/dist-packages/custom_interfaces/_custom_interfaces_s.ep.rosidl_typesupport_c.c
[0.968s] -- Up-to-date: /home/bkhwaja/vscode/ros2_ws/install/custom_interfaces/local/lib/python3.10/dist-packages/custom_interfaces/custom_interfaces_s__rosidl_typesupport_introspection_c.cpython-310-x86_64-linux-gnu.so
[0.968s] -- Up-to-date: /home/bkhwaja/vscode/ros2_ws/install/custom_interfaces/local/lib/python3.10/dist-packages/custom_interfaces/libcustom_interfaces__rosidl_generator_py.so
[0.968s] -- Up-to-date: /home/bkhwaja/vscode/ros2_ws/install/custom_interfaces/local/lib/python3.10/dist-packages/custom_interfaces/_custom_interfaces_s.ep.rosidl_typesupport_fastrtps_c.c
[0.968s] -- Up-to-date: /home/bkhwaja/vscode/ros2_ws/install/custom_interfaces/local/lib/python3.10/dist-packages/custom_interfaces/custom_interfaces_s__rosidl_typesupport_c.cpython-310-x86_64-linux-gnu.so
[0.968s] -- Up-to-date: /home/bkhwaja/vscode/ros2_ws/install/custom_interfaces/local/lib/python3.10/dist-packages/custom_interfaces/_custom_interfaces_s.ep.rosidl_typesupport_introspection_c.c
[0.968s] -- Up-to-date: /home/bkhwaja/vscode/ros2_ws/install/custom_interfaces/local/lib/python3.10/dist-packages/custom_interfaces/__init__.py
[0.968s] -- Up-to-date: /home/bkhwaja/vscode/ros2_ws/install/custom_interfaces/local/lib/python3.10/dist-packages/custom_interfaces/action
[0.968s] -- Up-to-date: /home/bkhwaja/vscode/ros2_ws/install/custom_interfaces/local/lib/python3.10/dist-packages/custom_interfaces/action/_fibionnaci.py
[0.968s] -- Up-to-date: /home/bkhwaja/vscode/ros2_ws/install/custom_interfaces/local/lib/python3.10/dist-packages/custom_interfaces/action/__init__.py
[0.968s] -- Up-to-date: /home/bkhwaja/vscode/ros2_ws/install/custom_interfaces/local/lib/python3.10/dist-packages/custom_interfaces/action/_fibionnaci_s.c
[1.017s] Listing '/home/bkhwaja/vscode/ros2_ws/install/custom_interfaces/local/lib/python3.10/dist-packages/custom_interfaces'...
[1.017s] Listing '/home/bkhwaja/vscode/ros2_ws/install/custom_interfaces/local/lib/python3.10/dist-packages/custom_interfaces/action'...
[1.023s] -- Up-to-date: /home/bkhwaja/vscode/ros2_ws/install/custom_interfaces/local/lib/python3.10/dist-packages/custom_interfaces/custom_interfaces_s__rosidl_typesupport_fastrtps_c.cpython-310-x86_64-linux-gnu.so
[1.024s] -- Up-to-date: /home/bkhwaja/vscode/ros2_ws/install/custom_interfaces/local/lib/python3.10/dist-packages/custom_interfaces/custom_interfaces_s__rosidl_typesupport_introspection_c.cpython-310-x86_64-linux-gnu.so
[1.024s] -- Up-to-date: /home/bkhwaja/vscode/ros2_ws/install/custom_interfaces/local/lib/python3.10/dist-packages/custom_interfaces/custom_interfaces_s__rosidl_typesupport_c.cpython-310-x86_64-linux-gnu.so
[1.025s] -- Up-to-date: /home/bkhwaja/vscode/ros2_ws/install/custom_interfaces/lib/libcustom_interfaces__rosidl_generator_py.so
[1.025s] -- Up-to-date: /home/bkhwaja/vscode/ros2_ws/install/custom_interfaces/share/custom_interfaces/action/Fibionnaci.idl
[1.026s] -- Up-to-date: /home/bkhwaja/vscode/ros2_ws/install/custom_interfaces/share/custom_interfaces/action/Fibionnaci.action
[1.026s] -- Up-to-date: /home/bkhwaja/vscode/ros2_ws/install/custom_interfaces/share/ament_index/resource_index/package_run_dependencies/custom_interfaces
[1.026s] -- Up-to-date: /home/bkhwaja/vscode/ros2_ws/install/custom_interfaces/share/ament_index/resource_index/parent_prefix_path/custom_interfaces
[1.026s] -- Up-to-date: /home/bkhwaja/vscode/ros2_ws/install/custom_interfaces/share/custom_interfaces/environment/ament_prefix_path.sh
[1.026s] -- Up-to-date: /home/bkhwaja/vscode/ros2_ws/install/custom_interfaces/share/custom_interfaces/environment/ament_prefix_path.dsv
[1.026s] -- Up-to-date: /home/bkhwaja/vscode/ros2_ws/install/custom_interfaces/share/custom_interfaces/environment/path.sh
[1.027s] -- Up-to-date: /home/bkhwaja/vscode/ros2_ws/install/custom_interfaces/share/custom_interfaces/environment/path.dsv
[1.027s] -- Up-to-date: /home/bkhwaja/vscode/ros2_ws/install/custom_interfaces/share/custom_interfaces/local_setup.bash
[1.027s] -- Up-to-date: /home/bkhwaja/vscode/ros2_ws/install/custom_interfaces/share/custom_interfaces/local_setup.sh
[1.027s] -- Up-to-date: /home/bkhwaja/vscode/ros2_ws/install/custom_interfaces/share/custom_interfaces/local_setup.zsh
[1.027s] -- Up-to-date: /home/bkhwaja/vscode/ros2_ws/install/custom_interfaces/share/custom_interfaces/local_setup.dsv
[1.027s] -- Installing: /home/bkhwaja/vscode/ros2_ws/install/custom_interfaces/share/custom_interfaces/package.dsv
[1.027s] -- Up-to-date: /home/bkhwaja/vscode/ros2_ws/install/custom_interfaces/share/ament_index/resource_index/packages/custom_interfaces
[1.028s] -- Up-to-date: /home/bkhwaja/vscode/ros2_ws/install/custom_interfaces/share/custom_interfaces/cmake/export_custom_interfaces__rosidl_generator_cExport.cmake
[1.028s] -- Up-to-date: /home/bkhwaja/vscode/ros2_ws/install/custom_interfaces/share/custom_interfaces/cmake/export_custom_interfaces__rosidl_generator_cExport-noconfig.cmake
[1.028s] -- Up-to-date: /home/bkhwaja/vscode/ros2_ws/install/custom_interfaces/share/custom_interfaces/cmake/export_custom_interfaces__rosidl_typesupport_fastrtps_cExport.cmake
[1.029s] -- Up-to-date: /home/bkhwaja/vscode/ros2_ws/install/custom_interfaces/share/custom_interfaces/cmake/export_custom_interfaces__rosidl_typesupport_fastrtps_cExport-noconfig.cmake
[1.029s] -- Up-to-date: /home/bkhwaja/vscode/ros2_ws/install/custom_interfaces/share/custom_interfaces/cmake/export_custom_interfaces__rosidl_generator_cppExport.cmake
[1.030s] -- Up-to-date: /home/bkhwaja/vscode/ros2_ws/install/custom_interfaces/share/custom_interfaces/cmake/export_custom_interfaces__rosidl_typesupport_fastrtps_cppExport.cmake
[1.030s] -- Up-to-date: /home/bkhwaja/vscode/ros2_ws/install/custom_interfaces/share/custom_interfaces/cmake/export_custom_interfaces__rosidl_typesupport_fastrtps_cppExport-noconfig.cmake
[1.030s] -- Up-to-date: /home/bkhwaja/vscode/ros2_ws/install/custom_interfaces/share/custom_interfaces/cmake/custom_interfaces__rosidl_typesupport_introspection_cExport.cmake
[1.030s] -- Up-to-date: /home/bkhwaja/vscode/ros2_ws/install/custom_interfaces/share/custom_interfaces/cmake/custom_interfaces__rosidl_typesupport_introspection_cExport-noconfig.cmake
[1.031s] -- Up-to-date: /home/bkhwaja/vscode/ros2_ws/install/custom_interfaces/share/custom_interfaces/cmake/custom_interfaces__rosidl_typesupport_cExport.cmake
[1.031s] -- Up-to-date: /home/bkhwaja/vscode/ros2_ws/install/custom_interfaces/share/custom_interfaces/cmake/custom_interfaces__rosidl_typesupport_cExport-noconfig.cmake
[1.031s] -- Up-to-date: /home/bkhwaja/vscode/ros2_ws/install/custom_interfaces/share/custom_interfaces/cmake/custom_interfaces__rosidl_typesupport_introspection_cppExport.cmake
[1.032s] -- Up-to-date: /home/bkhwaja/vscode/ros2_ws/install/custom_interfaces/share/custom_interfaces/cmake/custom_interfaces__rosidl_typesupport_introspection_cppExport-noconfig.cmake
[1.032s] -- Up-to-date: /home/bkhwaja/vscode/ros2_ws/install/custom_interfaces/share/custom_interfaces/cmake/custom_interfaces__rosidl_typesupport_cppExport.cmake
[1.032s] -- Up-to-date: /home/bkhwaja/vscode/ros2_ws/install/custom_interfaces/share/custom_interfaces/cmake/custom_interfaces__rosidl_typesupport_cppExport-noconfig.cmake
[1.032s] -- Up-to-date: /home/bkhwaja/vscode/ros2_ws/install/custom_interfaces/share/custom_interfaces/cmake/export_custom_interfaces__rosidl_generator_pyExport.cmake
[1.033s] -- Up-to-date: /home/bkhwaja/vscode/ros2_ws/install/custom_interfaces/share/custom_interfaces/cmake/export_custom_interfaces__rosidl_generator_pyExport-noconfig.cmake
[1.033s] -- Up-to-date: /home/bkhwaja/vscode/ros2_ws/install/custom_interfaces/share/custom_interfaces/cmake/rosidl_cmake-extras.cmake
[1.033s] -- Up-to-date: /home/bkhwaja/vscode/ros2_ws/install/custom_interfaces/share/custom_interfaces/cmake/ament_cmake_export_dependencies-extras.cmake
[1.033s] -- Up-to-date: /home/bkhwaja/vscode/ros2_ws/install/custom_interfaces/share/custom_interfaces/cmake/ament_cmake_export_include_directories-extras.cmake
[1.034s] -- Up-to-date: /home/bkhwaja/vscode/ros2_ws/install/custom_interfaces/share/custom_interfaces/cmake/ament_cmake_export_libraries-extras.cmake
[1.034s] -- Up-to-date: /home/bkhwaja/vscode/ros2_ws/install/custom_interfaces/share/custom_interfaces/cmake/ament_cmake_export_targets-extras.cmake
[1.034s] -- Up-to-date: /home/bkhwaja/vscode/ros2_ws/install/custom_interfaces/share/custom_interfaces/cmake/rosidl_cmake_export_typesupport_targets-extras.cmake
[1.034s] -- Up-to-date: /home/bkhwaja/vscode/ros2_ws/install/custom_interfaces/share/custom_interfaces/cmake/rosidl_cmake_export_typesupport_libraries-extras.cmake
[1.034s] -- Up-to-date: /home/bkhwaja/vscode/ros2_ws/install/custom_interfaces/share/custom_interfaces/cmake/custom_interfacesConfig.cmake
[1.034s] -- Up-to-date: /home/bkhwaja/vscode/ros2_ws/install/custom_interfaces/share/custom_interfaces/cmake/custom_interfacesConfig-version.cmake
[1.034s] -- Up-to-date: /home/bkhwaja/vscode/ros2_ws/install/custom_interfaces/share/custom_interfaces/package.xml
[1.043s] Invoked command in '/home/bkhwaja/vscode/ros2_ws/build/custom_interfaces' returned '0': CMAKE_PREFIX_PATH=/opt/ros/humble /home/bkhwaja/.local/bin/cmake --install /home/bkhwaja/vscode/ros2_ws/build/custom_interfaces
