[0.478s] Invoking command in '/home/bkhwaja/vscode/ros2_ws/src/my_robot_controller': PYTHONPATH=/home/bkhwaja/vscode/ros2_ws/build/my_robot_controller/prefix_override:/home/bkhwaja/vscode/ros2_ws/install/my_robot_controller/lib/python3.10/site-packages:${PYTHONPATH} /usr/bin/python3 setup.py egg_info --egg-base ../../build/my_robot_controller build --build-base /home/bkhwaja/vscode/ros2_ws/build/my_robot_controller/build install --record /home/bkhwaja/vscode/ros2_ws/build/my_robot_controller/install.log --single-version-externally-managed
[0.625s] running egg_info
[0.625s] creating ../../build/my_robot_controller/my_robot_controller.egg-info
[0.625s] writing ../../build/my_robot_controller/my_robot_controller.egg-info/PKG-INFO
[0.626s] writing dependency_links to ../../build/my_robot_controller/my_robot_controller.egg-info/dependency_links.txt
[0.626s] writing entry points to ../../build/my_robot_controller/my_robot_controller.egg-info/entry_points.txt
[0.626s] writing requirements to ../../build/my_robot_controller/my_robot_controller.egg-info/requires.txt
[0.626s] writing top-level names to ../../build/my_robot_controller/my_robot_controller.egg-info/top_level.txt
[0.626s] writing manifest file '../../build/my_robot_controller/my_robot_controller.egg-info/SOURCES.txt'
[0.627s] reading manifest file '../../build/my_robot_controller/my_robot_controller.egg-info/SOURCES.txt'
[0.628s] writing manifest file '../../build/my_robot_controller/my_robot_controller.egg-info/SOURCES.txt'
[0.628s] running build
[0.628s] running build_py
[0.628s] creating /home/bkhwaja/vscode/ros2_ws/build/my_robot_controller/build
[0.628s] creating /home/bkhwaja/vscode/ros2_ws/build/my_robot_controller/build/lib
[0.628s] creating /home/bkhwaja/vscode/ros2_ws/build/my_robot_controller/build/lib/my_robot_controller
[0.629s] copying my_robot_controller/__init__.py -> /home/bkhwaja/vscode/ros2_ws/build/my_robot_controller/build/lib/my_robot_controller
[0.629s] running install
[0.629s] /usr/lib/python3/dist-packages/setuptools/command/install.py:34: SetuptoolsDeprecationWarning: setup.py install is deprecated. Use build and pip and other standards-based tools.
[0.629s]   warnings.warn(
[0.630s] running install_lib
[0.630s] creating /home/bkhwaja/vscode/ros2_ws/install/my_robot_controller/lib/python3.10/site-packages/my_robot_controller
[0.630s] copying /home/bkhwaja/vscode/ros2_ws/build/my_robot_controller/build/lib/my_robot_controller/__init__.py -> /home/bkhwaja/vscode/ros2_ws/install/my_robot_controller/lib/python3.10/site-packages/my_robot_controller
[0.631s] byte-compiling /home/bkhwaja/vscode/ros2_ws/install/my_robot_controller/lib/python3.10/site-packages/my_robot_controller/__init__.py to __init__.cpython-310.pyc
[0.631s] running install_data
[0.631s] creating /home/bkhwaja/vscode/ros2_ws/install/my_robot_controller/share/ament_index
[0.631s] creating /home/bkhwaja/vscode/ros2_ws/install/my_robot_controller/share/ament_index/resource_index
[0.631s] creating /home/bkhwaja/vscode/ros2_ws/install/my_robot_controller/share/ament_index/resource_index/packages
[0.631s] copying resource/my_robot_controller -> /home/bkhwaja/vscode/ros2_ws/install/my_robot_controller/share/ament_index/resource_index/packages
[0.632s] copying package.xml -> /home/bkhwaja/vscode/ros2_ws/install/my_robot_controller/share/my_robot_controller
[0.632s] running install_egg_info
[0.633s] Copying ../../build/my_robot_controller/my_robot_controller.egg-info to /home/bkhwaja/vscode/ros2_ws/install/my_robot_controller/lib/python3.10/site-packages/my_robot_controller-0.0.0-py3.10.egg-info
[0.634s] running install_scripts
[0.650s] writing list of installed files to '/home/bkhwaja/vscode/ros2_ws/build/my_robot_controller/install.log'
[0.673s] Invoked command in '/home/bkhwaja/vscode/ros2_ws/src/my_robot_controller' returned '0': PYTHONPATH=/home/bkhwaja/vscode/ros2_ws/build/my_robot_controller/prefix_override:/home/bkhwaja/vscode/ros2_ws/install/my_robot_controller/lib/python3.10/site-packages:${PYTHONPATH} /usr/bin/python3 setup.py egg_info --egg-base ../../build/my_robot_controller build --build-base /home/bkhwaja/vscode/ros2_ws/build/my_robot_controller/build install --record /home/bkhwaja/vscode/ros2_ws/build/my_robot_controller/install.log --single-version-externally-managed
