[0.019s] Invoking command in '/home/bkhwaja/vscode/ros2_ws/src/build/custom_interfaces': CMAKE_PREFIX_PATH=/home/bkhwaja/vscode/ros2_ws/install/my_robot_controller:/opt/ros/humble /home/bkhwaja/.local/bin/cmake /home/bkhwaja/vscode/ros2_ws/src/custom_interfaces -DCMAKE_INSTALL_PREFIX=/home/bkhwaja/vscode/ros2_ws/src/install/custom_interfaces
[0.043s] -- Found ament_cmake: 1.3.5 (/opt/ros/humble/share/ament_cmake/cmake)
[0.213s] -- Found action_msgs: 1.2.1 (/opt/ros/humble/share/action_msgs/cmake)
[0.676s] -- Found rosidl_generator_c: 3.1.5 (/opt/ros/humble/share/rosidl_generator_c/cmake)
[0.678s] -- Found rosidl_adapter: 3.1.5 (/opt/ros/humble/share/rosidl_adapter/cmake)
[0.685s] -- Found rosidl_generator_cpp: 3.1.5 (/opt/ros/humble/share/rosidl_generator_cpp/cmake)
[0.697s] -- Using all available rosidl_typesupport_c: rosidl_typesupport_fastrtps_c;rosidl_typesupport_introspection_c
[0.713s] -- Using all available rosidl_typesupport_cpp: rosidl_typesupport_fastrtps_cpp;rosidl_typesupport_introspection_cpp
[0.783s] -- Found std_msgs: 4.2.3 (/opt/ros/humble/share/std_msgs/cmake)
[0.812s] -- Found rosidl_default_generators: 1.2.0 (/opt/ros/humble/share/rosidl_default_generators/cmake)
[0.818s] [31mCMake Error at /opt/ros/humble/share/rosidl_cmake/cmake/rosidl_generate_interfaces.cmake:93 (message):
[0.818s]   rosidl_generate_interfaces() the passed file 'action/Fibionacci.action'
[0.818s]   doesn't exist relative to the CMAKE_CURRENT_SOURCE_DIR
[0.818s]   '/home/bkhwaja/vscode/ros2_ws/src/custom_interfaces'
[0.818s] Call Stack (most recent call first):
[0.818s]   CMakeLists.txt:14 (rosidl_generate_interfaces)
[0.818s] 
[0.818s] [0m
[0.818s] -- Configuring incomplete, errors occurred!
[0.825s] Invoked command in '/home/bkhwaja/vscode/ros2_ws/src/build/custom_interfaces' returned '1': CMAKE_PREFIX_PATH=/home/bkhwaja/vscode/ros2_ws/install/my_robot_controller:/opt/ros/humble /home/bkhwaja/.local/bin/cmake /home/bkhwaja/vscode/ros2_ws/src/custom_interfaces -DCMAKE_INSTALL_PREFIX=/home/bkhwaja/vscode/ros2_ws/src/install/custom_interfaces
