[0.849s] Invoking command in '/home/bkhwaja/vscode/ros2_ws/build/my_robot_controller': PYTHONPATH=/home/bkhwaja/vscode/ros2_ws/build/my_robot_controller/prefix_override:/home/bkhwaja/vscode/ros2_ws/install/my_robot_controller/lib/python3.10/site-packages:${PYTHONPATH} /usr/bin/python3 setup.py develop --editable --build-directory /home/bkhwaja/vscode/ros2_ws/build/my_robot_controller/build --no-deps install_data
[1.196s] running develop
[1.378s] running egg_info
[1.378s] writing my_robot_controller.egg-info/PKG-INFO
[1.378s] writing dependency_links to my_robot_controller.egg-info/dependency_links.txt
[1.379s] writing entry points to my_robot_controller.egg-info/entry_points.txt
[1.379s] writing requirements to my_robot_controller.egg-info/requires.txt
[1.379s] writing top-level names to my_robot_controller.egg-info/top_level.txt
[1.385s] reading manifest file 'my_robot_controller.egg-info/SOURCES.txt'
[1.387s] writing manifest file 'my_robot_controller.egg-info/SOURCES.txt'
[1.389s] running build_ext
[1.389s] Creating /home/bkhwaja/vscode/ros2_ws/install/my_robot_controller/lib/python3.10/site-packages/my-robot-controller.egg-link (link to .)
[1.390s] Installing draw_circle script to /home/bkhwaja/vscode/ros2_ws/install/my_robot_controller/lib/my_robot_controller
[1.391s] Installing pose_subscriber script to /home/bkhwaja/vscode/ros2_ws/install/my_robot_controller/lib/my_robot_controller
[1.392s] Installing test_node script to /home/bkhwaja/vscode/ros2_ws/install/my_robot_controller/lib/my_robot_controller
[1.393s] Installing turtle_controller script to /home/bkhwaja/vscode/ros2_ws/install/my_robot_controller/lib/my_robot_controller
[1.393s] 
[1.393s] Installed /home/bkhwaja/vscode/ros2_ws/build/my_robot_controller
[1.393s] running install_data
[1.441s] Invoked command in '/home/bkhwaja/vscode/ros2_ws/build/my_robot_controller' returned '0': PYTHONPATH=/home/bkhwaja/vscode/ros2_ws/build/my_robot_controller/prefix_override:/home/bkhwaja/vscode/ros2_ws/install/my_robot_controller/lib/python3.10/site-packages:${PYTHONPATH} /usr/bin/python3 setup.py develop --editable --build-directory /home/bkhwaja/vscode/ros2_ws/build/my_robot_controller/build --no-deps install_data
