[0.021s] Invoking command in '/home/bkhwaja/vscode/ros2_ws/src/build/custom_interfaces': CMAKE_PREFIX_PATH=/home/bkhwaja/vscode/ros2_ws/install/my_robot_controller:/opt/ros/humble /home/bkhwaja/.local/bin/cmake /home/bkhwaja/vscode/ros2_ws/src/custom_interfaces -DCMAKE_INSTALL_PREFIX=/home/bkhwaja/vscode/ros2_ws/src/install/custom_interfaces
[0.437s] -- The C compiler identification is GNU 11.3.0
[2.556s] -- The CXX compiler identification is GNU 11.3.0
[5.011s] -- Detecting C compiler ABI info
[5.351s] -- Detecting C compiler ABI info - done
[5.358s] -- Check for working C compiler: /usr/bin/cc - skipped
[5.359s] -- Detecting C compile features
[5.359s] -- Detecting C compile features - done
[5.484s] -- Detecting CXX compiler ABI info
[6.284s] -- Detecting CXX compiler ABI info - done
[6.292s] -- Check for working CXX compiler: /usr/bin/c++ - skipped
[6.292s] -- Detecting CXX compile features
[6.292s] -- Detecting CXX compile features - done
[6.301s] -- Found ament_cmake: 1.3.5 (/opt/ros/humble/share/ament_cmake/cmake)
[17.702s] -- Found Python3: /usr/bin/python3.10 (found version "3.10.6") found components: Interpreter 
[17.806s] -- Found action_msgs: 1.2.1 (/opt/ros/humble/share/action_msgs/cmake)
[18.327s] -- Found rosidl_generator_c: 3.1.5 (/opt/ros/humble/share/rosidl_generator_c/cmake)
[18.333s] -- Found rosidl_adapter: 3.1.5 (/opt/ros/humble/share/rosidl_adapter/cmake)
[18.344s] -- Found rosidl_generator_cpp: 3.1.5 (/opt/ros/humble/share/rosidl_generator_cpp/cmake)
[18.365s] -- Using all available rosidl_typesupport_c: rosidl_typesupport_fastrtps_c;rosidl_typesupport_introspection_c
[18.388s] -- Using all available rosidl_typesupport_cpp: rosidl_typesupport_fastrtps_cpp;rosidl_typesupport_introspection_cpp
[18.477s] -- Found std_msgs: 4.2.3 (/opt/ros/humble/share/std_msgs/cmake)
[18.516s] -- Found rosidl_default_generators: 1.2.0 (/opt/ros/humble/share/rosidl_default_generators/cmake)
[18.527s] [31mCMake Error at /opt/ros/humble/share/rosidl_cmake/cmake/rosidl_generate_interfaces.cmake:93 (message):
[18.527s]   rosidl_generate_interfaces() the passed file 'action/Fibonacci.action'
[18.527s]   doesn't exist relative to the CMAKE_CURRENT_SOURCE_DIR
[18.527s]   '/home/bkhwaja/vscode/ros2_ws/src/custom_interfaces'
[18.527s] Call Stack (most recent call first):
[18.527s]   CMakeLists.txt:14 (rosidl_generate_interfaces)
[18.527s] 
[18.527s] [0m
[18.527s] -- Configuring incomplete, errors occurred!
[18.536s] Invoked command in '/home/bkhwaja/vscode/ros2_ws/src/build/custom_interfaces' returned '1': CMAKE_PREFIX_PATH=/home/bkhwaja/vscode/ros2_ws/install/my_robot_controller:/opt/ros/humble /home/bkhwaja/.local/bin/cmake /home/bkhwaja/vscode/ros2_ws/src/custom_interfaces -DCMAKE_INSTALL_PREFIX=/home/bkhwaja/vscode/ros2_ws/src/install/custom_interfaces
