[0.632s] Invoking command in '/home/bkhwaja/vscode/ros2_ws/build/my_robot_controller': PYTHONPATH=/home/bkhwaja/vscode/ros2_ws/build/my_robot_controller/prefix_override:/home/bkhwaja/vscode/ros2_ws/install/my_robot_controller/lib/python3.10/site-packages:${PYTHONPATH} /usr/bin/python3 setup.py develop --editable --build-directory /home/bkhwaja/vscode/ros2_ws/build/my_robot_controller/build --no-deps install_data
[0.912s] running develop
[1.118s] running egg_info
[1.118s] writing my_robot_controller.egg-info/PKG-INFO
[1.120s] writing dependency_links to my_robot_controller.egg-info/dependency_links.txt
[1.120s] writing entry points to my_robot_controller.egg-info/entry_points.txt
[1.120s] writing requirements to my_robot_controller.egg-info/requires.txt
[1.120s] writing top-level names to my_robot_controller.egg-info/top_level.txt
[1.123s] reading manifest file 'my_robot_controller.egg-info/SOURCES.txt'
[1.124s] writing manifest file 'my_robot_controller.egg-info/SOURCES.txt'
[1.125s] running build_ext
[1.126s] Creating /home/bkhwaja/vscode/ros2_ws/install/my_robot_controller/lib/python3.10/site-packages/my-robot-controller.egg-link (link to .)
[1.127s] Installing draw_circle script to /home/bkhwaja/vscode/ros2_ws/install/my_robot_controller/lib/my_robot_controller
[1.127s] Installing pose_subscriber script to /home/bkhwaja/vscode/ros2_ws/install/my_robot_controller/lib/my_robot_controller
[1.128s] Installing test_node script to /home/bkhwaja/vscode/ros2_ws/install/my_robot_controller/lib/my_robot_controller
[1.128s] Installing turtle_controller script to /home/bkhwaja/vscode/ros2_ws/install/my_robot_controller/lib/my_robot_controller
[1.128s] 
[1.129s] Installed /home/bkhwaja/vscode/ros2_ws/build/my_robot_controller
[1.129s] running install_data
[1.173s] Invoked command in '/home/bkhwaja/vscode/ros2_ws/build/my_robot_controller' returned '0': PYTHONPATH=/home/bkhwaja/vscode/ros2_ws/build/my_robot_controller/prefix_override:/home/bkhwaja/vscode/ros2_ws/install/my_robot_controller/lib/python3.10/site-packages:${PYTHONPATH} /usr/bin/python3 setup.py develop --editable --build-directory /home/bkhwaja/vscode/ros2_ws/build/my_robot_controller/build --no-deps install_data
