[0.635s] Invoking command in '/home/bkhwaja/vscode/ros2_ws/build/my_robot_controller': PYTHONPATH=/home/bkhwaja/vscode/ros2_ws/build/my_robot_controller/prefix_override:/home/bkhwaja/vscode/ros2_ws/install/my_robot_controller/lib/python3.10/site-packages:${PYTHONPATH} /usr/bin/python3 setup.py develop --editable --build-directory /home/bkhwaja/vscode/ros2_ws/build/my_robot_controller/build --no-deps install_data
[0.962s] running develop
[1.108s] running egg_info
[1.108s] writing my_robot_controller.egg-info/PKG-INFO
[1.109s] writing dependency_links to my_robot_controller.egg-info/dependency_links.txt
[1.110s] writing entry points to my_robot_controller.egg-info/entry_points.txt
[1.110s] writing requirements to my_robot_controller.egg-info/requires.txt
[1.110s] writing top-level names to my_robot_controller.egg-info/top_level.txt
[1.112s] reading manifest file 'my_robot_controller.egg-info/SOURCES.txt'
[1.112s] writing manifest file 'my_robot_controller.egg-info/SOURCES.txt'
[1.114s] running build_ext
[1.114s] Creating /home/bkhwaja/vscode/ros2_ws/install/my_robot_controller/lib/python3.10/site-packages/my-robot-controller.egg-link (link to .)
[1.116s] Installing draw_circle script to /home/bkhwaja/vscode/ros2_ws/install/my_robot_controller/lib/my_robot_controller
[1.116s] Installing pose_subscriber script to /home/bkhwaja/vscode/ros2_ws/install/my_robot_controller/lib/my_robot_controller
[1.117s] Installing test_node script to /home/bkhwaja/vscode/ros2_ws/install/my_robot_controller/lib/my_robot_controller
[1.117s] Installing turtle_controller script to /home/bkhwaja/vscode/ros2_ws/install/my_robot_controller/lib/my_robot_controller
[1.117s] 
[1.118s] Installed /home/bkhwaja/vscode/ros2_ws/build/my_robot_controller
[1.118s] running install_data
[1.159s] Invoked command in '/home/bkhwaja/vscode/ros2_ws/build/my_robot_controller' returned '0': PYTHONPATH=/home/bkhwaja/vscode/ros2_ws/build/my_robot_controller/prefix_override:/home/bkhwaja/vscode/ros2_ws/install/my_robot_controller/lib/python3.10/site-packages:${PYTHONPATH} /usr/bin/python3 setup.py develop --editable --build-directory /home/bkhwaja/vscode/ros2_ws/build/my_robot_controller/build --no-deps install_data
