[0.500s] Invoking command in '/home/bkhwaja/vscode/ros2_ws/src/my_robot_controller': PYTHONPATH=/home/bkhwaja/vscode/ros2_ws/src/build/my_robot_controller/prefix_override:/home/bkhwaja/vscode/ros2_ws/src/install/my_robot_controller/lib/python3.10/site-packages:${PYTHONPATH} /usr/bin/python3 setup.py egg_info --egg-base ../build/my_robot_controller build --build-base /home/bkhwaja/vscode/ros2_ws/src/build/my_robot_controller/build install --record /home/bkhwaja/vscode/ros2_ws/src/build/my_robot_controller/install.log --single-version-externally-managed
[0.680s] running egg_info
[0.681s] writing ../build/my_robot_controller/my_robot_controller.egg-info/PKG-INFO
[0.681s] writing dependency_links to ../build/my_robot_controller/my_robot_controller.egg-info/dependency_links.txt
[0.681s] writing entry points to ../build/my_robot_controller/my_robot_controller.egg-info/entry_points.txt
[0.681s] writing requirements to ../build/my_robot_controller/my_robot_controller.egg-info/requires.txt
[0.681s] writing top-level names to ../build/my_robot_controller/my_robot_controller.egg-info/top_level.txt
[0.683s] reading manifest file '../build/my_robot_controller/my_robot_controller.egg-info/SOURCES.txt'
[0.684s] writing manifest file '../build/my_robot_controller/my_robot_controller.egg-info/SOURCES.txt'
[0.684s] running build
[0.684s] running build_py
[0.684s] running install
[0.684s] running install_lib
[0.685s] running install_data
[0.686s] running install_egg_info
[0.686s] removing '/home/bkhwaja/vscode/ros2_ws/src/install/my_robot_controller/lib/python3.10/site-packages/my_robot_controller-0.0.0-py3.10.egg-info' (and everything under it)
[0.687s] Copying ../build/my_robot_controller/my_robot_controller.egg-info to /home/bkhwaja/vscode/ros2_ws/src/install/my_robot_controller/lib/python3.10/site-packages/my_robot_controller-0.0.0-py3.10.egg-info
[0.687s] running install_scripts
[0.702s] Installing draw_circle script to /home/bkhwaja/vscode/ros2_ws/src/install/my_robot_controller/lib/my_robot_controller
[0.702s] Installing pose_subscriber script to /home/bkhwaja/vscode/ros2_ws/src/install/my_robot_controller/lib/my_robot_controller
[0.702s] Installing test_node script to /home/bkhwaja/vscode/ros2_ws/src/install/my_robot_controller/lib/my_robot_controller
[0.702s] Installing turtle_controller script to /home/bkhwaja/vscode/ros2_ws/src/install/my_robot_controller/lib/my_robot_controller
[0.702s] writing list of installed files to '/home/bkhwaja/vscode/ros2_ws/src/build/my_robot_controller/install.log'
[0.723s] Invoked command in '/home/bkhwaja/vscode/ros2_ws/src/my_robot_controller' returned '0': PYTHONPATH=/home/bkhwaja/vscode/ros2_ws/src/build/my_robot_controller/prefix_override:/home/bkhwaja/vscode/ros2_ws/src/install/my_robot_controller/lib/python3.10/site-packages:${PYTHONPATH} /usr/bin/python3 setup.py egg_info --egg-base ../build/my_robot_controller build --build-base /home/bkhwaja/vscode/ros2_ws/src/build/my_robot_controller/build install --record /home/bkhwaja/vscode/ros2_ws/src/build/my_robot_controller/install.log --single-version-externally-managed
