[0.018s] Invoking command in '/home/bkhwaja/vscode/ros2_ws/src/build/custom_interfaces': CMAKE_PREFIX_PATH=/home/bkhwaja/vscode/ros2_ws/install/my_robot_controller:/opt/ros/humble /home/bkhwaja/.local/bin/cmake --build /home/bkhwaja/vscode/ros2_ws/src/build/custom_interfaces -- -j12 -l12
[0.055s] [  3%] Built target custom_interfaces__cpp
[0.058s] [ 12%] Built target custom_interfaces__rosidl_generator_c
[0.061s] [ 12%] Built target ament_cmake_python_copy_custom_interfaces
[0.068s] [ 25%] Built target custom_interfaces__rosidl_typesupport_fastrtps_cpp
[0.068s] [ 32%] Built target custom_interfaces__rosidl_typesupport_cpp
[0.070s] [ 41%] Built target custom_interfaces__rosidl_typesupport_c
[0.071s] [ 51%] Built target custom_interfaces__rosidl_typesupport_introspection_c
[0.071s] [ 61%] Built target custom_interfaces__rosidl_typesupport_introspection_cpp
[0.072s] [ 70%] Built target custom_interfaces__rosidl_typesupport_fastrtps_c
[0.080s] [ 70%] Built target custom_interfaces
[0.089s] [ 74%] Built target custom_interfaces__py
[0.101s] [ 80%] Built target custom_interfaces__rosidl_generator_py
[0.115s] [ 93%] Built target custom_interfaces__rosidl_typesupport_introspection_c__pyext
[0.115s] [ 93%] Built target custom_interfaces__rosidl_typesupport_fastrtps_c__pyext
[0.116s] [100%] Built target custom_interfaces__rosidl_typesupport_c__pyext
[0.266s] running egg_info
[0.267s] writing custom_interfaces.egg-info/PKG-INFO
[0.267s] writing dependency_links to custom_interfaces.egg-info/dependency_links.txt
[0.267s] writing top-level names to custom_interfaces.egg-info/top_level.txt
[0.270s] reading manifest file 'custom_interfaces.egg-info/SOURCES.txt'
[0.270s] writing manifest file 'custom_interfaces.egg-info/SOURCES.txt'
[0.291s] [100%] Built target ament_cmake_python_build_custom_interfaces_egg
[0.301s] Invoked command in '/home/bkhwaja/vscode/ros2_ws/src/build/custom_interfaces' returned '0': CMAKE_PREFIX_PATH=/home/bkhwaja/vscode/ros2_ws/install/my_robot_controller:/opt/ros/humble /home/bkhwaja/.local/bin/cmake --build /home/bkhwaja/vscode/ros2_ws/src/build/custom_interfaces -- -j12 -l12
[0.399s] Invoking command in '/home/bkhwaja/vscode/ros2_ws/src/build/custom_interfaces': CMAKE_PREFIX_PATH=/home/bkhwaja/vscode/ros2_ws/install/my_robot_controller:/opt/ros/humble /home/bkhwaja/.local/bin/cmake --install /home/bkhwaja/vscode/ros2_ws/src/build/custom_interfaces
[0.431s] -- Install configuration: ""
[0.431s] -- Up-to-date: /home/bkhwaja/vscode/ros2_ws/src/install/custom_interfaces/share/ament_index/resource_index/rosidl_interfaces/custom_interfaces
[0.431s] -- Up-to-date: /home/bkhwaja/vscode/ros2_ws/src/install/custom_interfaces/include/custom_interfaces/custom_interfaces
[0.432s] -- Up-to-date: /home/bkhwaja/vscode/ros2_ws/src/install/custom_interfaces/include/custom_interfaces/custom_interfaces/msg
[0.432s] -- Up-to-date: /home/bkhwaja/vscode/ros2_ws/src/install/custom_interfaces/include/custom_interfaces/custom_interfaces/msg/rosidl_generator_c__visibility_control.h
[0.432s] -- Up-to-date: /home/bkhwaja/vscode/ros2_ws/src/install/custom_interfaces/include/custom_interfaces/custom_interfaces/action
[0.432s] -- Up-to-date: /home/bkhwaja/vscode/ros2_ws/src/install/custom_interfaces/include/custom_interfaces/custom_interfaces/action/fibionnaci.h
[0.433s] -- Up-to-date: /home/bkhwaja/vscode/ros2_ws/src/install/custom_interfaces/include/custom_interfaces/custom_interfaces/action/detail
[0.433s] -- Up-to-date: /home/bkhwaja/vscode/ros2_ws/src/install/custom_interfaces/include/custom_interfaces/custom_interfaces/action/detail/fibionnaci__struct.h
[0.433s] -- Up-to-date: /home/bkhwaja/vscode/ros2_ws/src/install/custom_interfaces/include/custom_interfaces/custom_interfaces/action/detail/fibionnaci__functions.h
[0.433s] -- Up-to-date: /home/bkhwaja/vscode/ros2_ws/src/install/custom_interfaces/include/custom_interfaces/custom_interfaces/action/detail/fibionnaci__functions.c
[0.433s] -- Up-to-date: /home/bkhwaja/vscode/ros2_ws/src/install/custom_interfaces/include/custom_interfaces/custom_interfaces/action/detail/fibionnaci__type_support.h
[0.434s] -- Up-to-date: /home/bkhwaja/vscode/ros2_ws/src/install/custom_interfaces/share/custom_interfaces/environment/library_path.sh
[0.434s] -- Up-to-date: /home/bkhwaja/vscode/ros2_ws/src/install/custom_interfaces/share/custom_interfaces/environment/library_path.dsv
[0.434s] -- Up-to-date: /home/bkhwaja/vscode/ros2_ws/src/install/custom_interfaces/lib/libcustom_interfaces__rosidl_generator_c.so
[0.434s] -- Up-to-date: /home/bkhwaja/vscode/ros2_ws/src/install/custom_interfaces/include/custom_interfaces/custom_interfaces
[0.434s] -- Up-to-date: /home/bkhwaja/vscode/ros2_ws/src/install/custom_interfaces/include/custom_interfaces/custom_interfaces/msg
[0.434s] -- Up-to-date: /home/bkhwaja/vscode/ros2_ws/src/install/custom_interfaces/include/custom_interfaces/custom_interfaces/msg/rosidl_typesupport_fastrtps_c__visibility_control.h
[0.434s] -- Up-to-date: /home/bkhwaja/vscode/ros2_ws/src/install/custom_interfaces/include/custom_interfaces/custom_interfaces/action
[0.434s] -- Up-to-date: /home/bkhwaja/vscode/ros2_ws/src/install/custom_interfaces/include/custom_interfaces/custom_interfaces/action/detail
[0.435s] -- Up-to-date: /home/bkhwaja/vscode/ros2_ws/src/install/custom_interfaces/include/custom_interfaces/custom_interfaces/action/detail/fibionnaci__rosidl_typesupport_fastrtps_c.h
[0.435s] -- Up-to-date: /home/bkhwaja/vscode/ros2_ws/src/install/custom_interfaces/lib/libcustom_interfaces__rosidl_typesupport_fastrtps_c.so
[0.435s] -- Up-to-date: /home/bkhwaja/vscode/ros2_ws/src/install/custom_interfaces/include/custom_interfaces/custom_interfaces
[0.435s] -- Up-to-date: /home/bkhwaja/vscode/ros2_ws/src/install/custom_interfaces/include/custom_interfaces/custom_interfaces/action
[0.435s] -- Up-to-date: /home/bkhwaja/vscode/ros2_ws/src/install/custom_interfaces/include/custom_interfaces/custom_interfaces/action/fibionnaci.hpp
[0.435s] -- Up-to-date: /home/bkhwaja/vscode/ros2_ws/src/install/custom_interfaces/include/custom_interfaces/custom_interfaces/action/detail
[0.436s] -- Up-to-date: /home/bkhwaja/vscode/ros2_ws/src/install/custom_interfaces/include/custom_interfaces/custom_interfaces/action/detail/fibionnaci__traits.hpp
[0.436s] -- Up-to-date: /home/bkhwaja/vscode/ros2_ws/src/install/custom_interfaces/include/custom_interfaces/custom_interfaces/action/detail/fibionnaci__struct.hpp
[0.436s] -- Up-to-date: /home/bkhwaja/vscode/ros2_ws/src/install/custom_interfaces/include/custom_interfaces/custom_interfaces/action/detail/fibionnaci__builder.hpp
[0.436s] -- Up-to-date: /home/bkhwaja/vscode/ros2_ws/src/install/custom_interfaces/include/custom_interfaces/custom_interfaces
[0.436s] -- Up-to-date: /home/bkhwaja/vscode/ros2_ws/src/install/custom_interfaces/include/custom_interfaces/custom_interfaces/msg
[0.437s] -- Up-to-date: /home/bkhwaja/vscode/ros2_ws/src/install/custom_interfaces/include/custom_interfaces/custom_interfaces/msg/rosidl_typesupport_fastrtps_cpp__visibility_control.h
[0.437s] -- Up-to-date: /home/bkhwaja/vscode/ros2_ws/src/install/custom_interfaces/include/custom_interfaces/custom_interfaces/action
[0.437s] -- Up-to-date: /home/bkhwaja/vscode/ros2_ws/src/install/custom_interfaces/include/custom_interfaces/custom_interfaces/action/detail
[0.437s] -- Up-to-date: /home/bkhwaja/vscode/ros2_ws/src/install/custom_interfaces/include/custom_interfaces/custom_interfaces/action/detail/dds_fastrtps
[0.437s] -- Up-to-date: /home/bkhwaja/vscode/ros2_ws/src/install/custom_interfaces/include/custom_interfaces/custom_interfaces/action/detail/fibionnaci__rosidl_typesupport_fastrtps_cpp.hpp
[0.437s] -- Up-to-date: /home/bkhwaja/vscode/ros2_ws/src/install/custom_interfaces/lib/libcustom_interfaces__rosidl_typesupport_fastrtps_cpp.so
[0.437s] -- Up-to-date: /home/bkhwaja/vscode/ros2_ws/src/install/custom_interfaces/include/custom_interfaces/custom_interfaces
[0.438s] -- Up-to-date: /home/bkhwaja/vscode/ros2_ws/src/install/custom_interfaces/include/custom_interfaces/custom_interfaces/msg
[0.438s] -- Up-to-date: /home/bkhwaja/vscode/ros2_ws/src/install/custom_interfaces/include/custom_interfaces/custom_interfaces/msg/rosidl_typesupport_introspection_c__visibility_control.h
[0.438s] -- Up-to-date: /home/bkhwaja/vscode/ros2_ws/src/install/custom_interfaces/include/custom_interfaces/custom_interfaces/action
[0.438s] -- Up-to-date: /home/bkhwaja/vscode/ros2_ws/src/install/custom_interfaces/include/custom_interfaces/custom_interfaces/action/detail
[0.439s] -- Up-to-date: /home/bkhwaja/vscode/ros2_ws/src/install/custom_interfaces/include/custom_interfaces/custom_interfaces/action/detail/fibionnaci__type_support.c
[0.439s] -- Up-to-date: /home/bkhwaja/vscode/ros2_ws/src/install/custom_interfaces/include/custom_interfaces/custom_interfaces/action/detail/fibionnaci__rosidl_typesupport_introspection_c.h
[0.439s] -- Up-to-date: /home/bkhwaja/vscode/ros2_ws/src/install/custom_interfaces/lib/libcustom_interfaces__rosidl_typesupport_introspection_c.so
[0.439s] -- Up-to-date: /home/bkhwaja/vscode/ros2_ws/src/install/custom_interfaces/lib/libcustom_interfaces__rosidl_typesupport_c.so
[0.439s] -- Up-to-date: /home/bkhwaja/vscode/ros2_ws/src/install/custom_interfaces/include/custom_interfaces/custom_interfaces
[0.439s] -- Up-to-date: /home/bkhwaja/vscode/ros2_ws/src/install/custom_interfaces/include/custom_interfaces/custom_interfaces/action
[0.439s] -- Up-to-date: /home/bkhwaja/vscode/ros2_ws/src/install/custom_interfaces/include/custom_interfaces/custom_interfaces/action/detail
[0.439s] -- Up-to-date: /home/bkhwaja/vscode/ros2_ws/src/install/custom_interfaces/include/custom_interfaces/custom_interfaces/action/detail/fibionnaci__type_support.cpp
[0.439s] -- Up-to-date: /home/bkhwaja/vscode/ros2_ws/src/install/custom_interfaces/include/custom_interfaces/custom_interfaces/action/detail/fibionnaci__rosidl_typesupport_introspection_cpp.hpp
[0.439s] -- Up-to-date: /home/bkhwaja/vscode/ros2_ws/src/install/custom_interfaces/lib/libcustom_interfaces__rosidl_typesupport_introspection_cpp.so
[0.440s] -- Up-to-date: /home/bkhwaja/vscode/ros2_ws/src/install/custom_interfaces/lib/libcustom_interfaces__rosidl_typesupport_cpp.so
[0.440s] -- Up-to-date: /home/bkhwaja/vscode/ros2_ws/src/install/custom_interfaces/share/custom_interfaces/environment/pythonpath.sh
[0.440s] -- Up-to-date: /home/bkhwaja/vscode/ros2_ws/src/install/custom_interfaces/share/custom_interfaces/environment/pythonpath.dsv
[0.440s] -- Up-to-date: /home/bkhwaja/vscode/ros2_ws/src/install/custom_interfaces/local/lib/python3.10/dist-packages/custom_interfaces-0.0.0-py3.10.egg-info
[0.440s] -- Installing: /home/bkhwaja/vscode/ros2_ws/src/install/custom_interfaces/local/lib/python3.10/dist-packages/custom_interfaces-0.0.0-py3.10.egg-info/top_level.txt
[0.440s] -- Installing: /home/bkhwaja/vscode/ros2_ws/src/install/custom_interfaces/local/lib/python3.10/dist-packages/custom_interfaces-0.0.0-py3.10.egg-info/dependency_links.txt
[0.440s] -- Installing: /home/bkhwaja/vscode/ros2_ws/src/install/custom_interfaces/local/lib/python3.10/dist-packages/custom_interfaces-0.0.0-py3.10.egg-info/SOURCES.txt
[0.440s] -- Installing: /home/bkhwaja/vscode/ros2_ws/src/install/custom_interfaces/local/lib/python3.10/dist-packages/custom_interfaces-0.0.0-py3.10.egg-info/PKG-INFO
[0.440s] -- Up-to-date: /home/bkhwaja/vscode/ros2_ws/src/install/custom_interfaces/local/lib/python3.10/dist-packages/custom_interfaces
[0.440s] -- Up-to-date: /home/bkhwaja/vscode/ros2_ws/src/install/custom_interfaces/local/lib/python3.10/dist-packages/custom_interfaces/custom_interfaces_s__rosidl_typesupport_fastrtps_c.cpython-310-x86_64-linux-gnu.so
[0.440s] -- Up-to-date: /home/bkhwaja/vscode/ros2_ws/src/install/custom_interfaces/local/lib/python3.10/dist-packages/custom_interfaces/_custom_interfaces_s.ep.rosidl_typesupport_c.c
[0.440s] -- Up-to-date: /home/bkhwaja/vscode/ros2_ws/src/install/custom_interfaces/local/lib/python3.10/dist-packages/custom_interfaces/custom_interfaces_s__rosidl_typesupport_introspection_c.cpython-310-x86_64-linux-gnu.so
[0.440s] -- Up-to-date: /home/bkhwaja/vscode/ros2_ws/src/install/custom_interfaces/local/lib/python3.10/dist-packages/custom_interfaces/libcustom_interfaces__rosidl_generator_py.so
[0.440s] -- Up-to-date: /home/bkhwaja/vscode/ros2_ws/src/install/custom_interfaces/local/lib/python3.10/dist-packages/custom_interfaces/_custom_interfaces_s.ep.rosidl_typesupport_fastrtps_c.c
[0.440s] -- Up-to-date: /home/bkhwaja/vscode/ros2_ws/src/install/custom_interfaces/local/lib/python3.10/dist-packages/custom_interfaces/custom_interfaces_s__rosidl_typesupport_c.cpython-310-x86_64-linux-gnu.so
[0.440s] -- Up-to-date: /home/bkhwaja/vscode/ros2_ws/src/install/custom_interfaces/local/lib/python3.10/dist-packages/custom_interfaces/_custom_interfaces_s.ep.rosidl_typesupport_introspection_c.c
[0.440s] -- Up-to-date: /home/bkhwaja/vscode/ros2_ws/src/install/custom_interfaces/local/lib/python3.10/dist-packages/custom_interfaces/__init__.py
[0.440s] -- Up-to-date: /home/bkhwaja/vscode/ros2_ws/src/install/custom_interfaces/local/lib/python3.10/dist-packages/custom_interfaces/action
[0.440s] -- Up-to-date: /home/bkhwaja/vscode/ros2_ws/src/install/custom_interfaces/local/lib/python3.10/dist-packages/custom_interfaces/action/_fibionnaci.py
[0.440s] -- Up-to-date: /home/bkhwaja/vscode/ros2_ws/src/install/custom_interfaces/local/lib/python3.10/dist-packages/custom_interfaces/action/__init__.py
[0.440s] -- Up-to-date: /home/bkhwaja/vscode/ros2_ws/src/install/custom_interfaces/local/lib/python3.10/dist-packages/custom_interfaces/action/_fibionnaci_s.c
[0.468s] Listing '/home/bkhwaja/vscode/ros2_ws/src/install/custom_interfaces/local/lib/python3.10/dist-packages/custom_interfaces'...
[0.468s] Listing '/home/bkhwaja/vscode/ros2_ws/src/install/custom_interfaces/local/lib/python3.10/dist-packages/custom_interfaces/action'...
[0.472s] -- Up-to-date: /home/bkhwaja/vscode/ros2_ws/src/install/custom_interfaces/local/lib/python3.10/dist-packages/custom_interfaces/custom_interfaces_s__rosidl_typesupport_fastrtps_c.cpython-310-x86_64-linux-gnu.so
[0.472s] -- Up-to-date: /home/bkhwaja/vscode/ros2_ws/src/install/custom_interfaces/local/lib/python3.10/dist-packages/custom_interfaces/custom_interfaces_s__rosidl_typesupport_introspection_c.cpython-310-x86_64-linux-gnu.so
[0.472s] -- Up-to-date: /home/bkhwaja/vscode/ros2_ws/src/install/custom_interfaces/local/lib/python3.10/dist-packages/custom_interfaces/custom_interfaces_s__rosidl_typesupport_c.cpython-310-x86_64-linux-gnu.so
[0.473s] -- Up-to-date: /home/bkhwaja/vscode/ros2_ws/src/install/custom_interfaces/lib/libcustom_interfaces__rosidl_generator_py.so
[0.473s] -- Up-to-date: /home/bkhwaja/vscode/ros2_ws/src/install/custom_interfaces/share/custom_interfaces/action/Fibionnaci.idl
[0.473s] -- Up-to-date: /home/bkhwaja/vscode/ros2_ws/src/install/custom_interfaces/share/custom_interfaces/action/Fibionnaci.action
[0.473s] -- Up-to-date: /home/bkhwaja/vscode/ros2_ws/src/install/custom_interfaces/share/ament_index/resource_index/package_run_dependencies/custom_interfaces
[0.473s] -- Up-to-date: /home/bkhwaja/vscode/ros2_ws/src/install/custom_interfaces/share/ament_index/resource_index/parent_prefix_path/custom_interfaces
[0.474s] -- Up-to-date: /home/bkhwaja/vscode/ros2_ws/src/install/custom_interfaces/share/custom_interfaces/environment/ament_prefix_path.sh
[0.474s] -- Up-to-date: /home/bkhwaja/vscode/ros2_ws/src/install/custom_interfaces/share/custom_interfaces/environment/ament_prefix_path.dsv
[0.474s] -- Up-to-date: /home/bkhwaja/vscode/ros2_ws/src/install/custom_interfaces/share/custom_interfaces/environment/path.sh
[0.474s] -- Up-to-date: /home/bkhwaja/vscode/ros2_ws/src/install/custom_interfaces/share/custom_interfaces/environment/path.dsv
[0.474s] -- Up-to-date: /home/bkhwaja/vscode/ros2_ws/src/install/custom_interfaces/share/custom_interfaces/local_setup.bash
[0.474s] -- Up-to-date: /home/bkhwaja/vscode/ros2_ws/src/install/custom_interfaces/share/custom_interfaces/local_setup.sh
[0.475s] -- Up-to-date: /home/bkhwaja/vscode/ros2_ws/src/install/custom_interfaces/share/custom_interfaces/local_setup.zsh
[0.475s] -- Up-to-date: /home/bkhwaja/vscode/ros2_ws/src/install/custom_interfaces/share/custom_interfaces/local_setup.dsv
[0.475s] -- Installing: /home/bkhwaja/vscode/ros2_ws/src/install/custom_interfaces/share/custom_interfaces/package.dsv
[0.475s] -- Up-to-date: /home/bkhwaja/vscode/ros2_ws/src/install/custom_interfaces/share/ament_index/resource_index/packages/custom_interfaces
[0.475s] -- Up-to-date: /home/bkhwaja/vscode/ros2_ws/src/install/custom_interfaces/share/custom_interfaces/cmake/export_custom_interfaces__rosidl_generator_cExport.cmake
[0.475s] -- Up-to-date: /home/bkhwaja/vscode/ros2_ws/src/install/custom_interfaces/share/custom_interfaces/cmake/export_custom_interfaces__rosidl_generator_cExport-noconfig.cmake
[0.475s] -- Up-to-date: /home/bkhwaja/vscode/ros2_ws/src/install/custom_interfaces/share/custom_interfaces/cmake/export_custom_interfaces__rosidl_typesupport_fastrtps_cExport.cmake
[0.475s] -- Up-to-date: /home/bkhwaja/vscode/ros2_ws/src/install/custom_interfaces/share/custom_interfaces/cmake/export_custom_interfaces__rosidl_typesupport_fastrtps_cExport-noconfig.cmake
[0.475s] -- Up-to-date: /home/bkhwaja/vscode/ros2_ws/src/install/custom_interfaces/share/custom_interfaces/cmake/export_custom_interfaces__rosidl_generator_cppExport.cmake
[0.476s] -- Up-to-date: /home/bkhwaja/vscode/ros2_ws/src/install/custom_interfaces/share/custom_interfaces/cmake/export_custom_interfaces__rosidl_typesupport_fastrtps_cppExport.cmake
[0.476s] -- Up-to-date: /home/bkhwaja/vscode/ros2_ws/src/install/custom_interfaces/share/custom_interfaces/cmake/export_custom_interfaces__rosidl_typesupport_fastrtps_cppExport-noconfig.cmake
[0.476s] -- Up-to-date: /home/bkhwaja/vscode/ros2_ws/src/install/custom_interfaces/share/custom_interfaces/cmake/custom_interfaces__rosidl_typesupport_introspection_cExport.cmake
[0.476s] -- Up-to-date: /home/bkhwaja/vscode/ros2_ws/src/install/custom_interfaces/share/custom_interfaces/cmake/custom_interfaces__rosidl_typesupport_introspection_cExport-noconfig.cmake
[0.476s] -- Up-to-date: /home/bkhwaja/vscode/ros2_ws/src/install/custom_interfaces/share/custom_interfaces/cmake/custom_interfaces__rosidl_typesupport_cExport.cmake
[0.476s] -- Up-to-date: /home/bkhwaja/vscode/ros2_ws/src/install/custom_interfaces/share/custom_interfaces/cmake/custom_interfaces__rosidl_typesupport_cExport-noconfig.cmake
[0.476s] -- Up-to-date: /home/bkhwaja/vscode/ros2_ws/src/install/custom_interfaces/share/custom_interfaces/cmake/custom_interfaces__rosidl_typesupport_introspection_cppExport.cmake
[0.476s] -- Up-to-date: /home/bkhwaja/vscode/ros2_ws/src/install/custom_interfaces/share/custom_interfaces/cmake/custom_interfaces__rosidl_typesupport_introspection_cppExport-noconfig.cmake
[0.477s] -- Up-to-date: /home/bkhwaja/vscode/ros2_ws/src/install/custom_interfaces/share/custom_interfaces/cmake/custom_interfaces__rosidl_typesupport_cppExport.cmake
[0.477s] -- Up-to-date: /home/bkhwaja/vscode/ros2_ws/src/install/custom_interfaces/share/custom_interfaces/cmake/custom_interfaces__rosidl_typesupport_cppExport-noconfig.cmake
[0.477s] -- Up-to-date: /home/bkhwaja/vscode/ros2_ws/src/install/custom_interfaces/share/custom_interfaces/cmake/export_custom_interfaces__rosidl_generator_pyExport.cmake
[0.477s] -- Up-to-date: /home/bkhwaja/vscode/ros2_ws/src/install/custom_interfaces/share/custom_interfaces/cmake/export_custom_interfaces__rosidl_generator_pyExport-noconfig.cmake
[0.477s] -- Up-to-date: /home/bkhwaja/vscode/ros2_ws/src/install/custom_interfaces/share/custom_interfaces/cmake/rosidl_cmake-extras.cmake
[0.477s] -- Up-to-date: /home/bkhwaja/vscode/ros2_ws/src/install/custom_interfaces/share/custom_interfaces/cmake/ament_cmake_export_dependencies-extras.cmake
[0.477s] -- Up-to-date: /home/bkhwaja/vscode/ros2_ws/src/install/custom_interfaces/share/custom_interfaces/cmake/ament_cmake_export_include_directories-extras.cmake
[0.477s] -- Up-to-date: /home/bkhwaja/vscode/ros2_ws/src/install/custom_interfaces/share/custom_interfaces/cmake/ament_cmake_export_libraries-extras.cmake
[0.477s] -- Up-to-date: /home/bkhwaja/vscode/ros2_ws/src/install/custom_interfaces/share/custom_interfaces/cmake/ament_cmake_export_targets-extras.cmake
[0.477s] -- Up-to-date: /home/bkhwaja/vscode/ros2_ws/src/install/custom_interfaces/share/custom_interfaces/cmake/rosidl_cmake_export_typesupport_targets-extras.cmake
[0.477s] -- Up-to-date: /home/bkhwaja/vscode/ros2_ws/src/install/custom_interfaces/share/custom_interfaces/cmake/rosidl_cmake_export_typesupport_libraries-extras.cmake
[0.477s] -- Up-to-date: /home/bkhwaja/vscode/ros2_ws/src/install/custom_interfaces/share/custom_interfaces/cmake/custom_interfacesConfig.cmake
[0.478s] -- Up-to-date: /home/bkhwaja/vscode/ros2_ws/src/install/custom_interfaces/share/custom_interfaces/cmake/custom_interfacesConfig-version.cmake
[0.478s] -- Up-to-date: /home/bkhwaja/vscode/ros2_ws/src/install/custom_interfaces/share/custom_interfaces/package.xml
[0.484s] Invoked command in '/home/bkhwaja/vscode/ros2_ws/src/build/custom_interfaces' returned '0': CMAKE_PREFIX_PATH=/home/bkhwaja/vscode/ros2_ws/install/my_robot_controller:/opt/ros/humble /home/bkhwaja/.local/bin/cmake --install /home/bkhwaja/vscode/ros2_ws/src/build/custom_interfaces
