[0.443s] Invoking command in '/home/bkhwaja/vscode/ros2_ws/src/my_robot_controller': PYTHONPATH=/home/bkhwaja/vscode/ros2_ws/build/my_robot_controller/prefix_override:/home/bkhwaja/vscode/ros2_ws/install/my_robot_controller/lib/python3.10/site-packages:${PYTHONPATH} /usr/bin/python3 setup.py egg_info --egg-base ../../build/my_robot_controller build --build-base /home/bkhwaja/vscode/ros2_ws/build/my_robot_controller/build install --record /home/bkhwaja/vscode/ros2_ws/build/my_robot_controller/install.log --single-version-externally-managed
[0.606s] running egg_info
[0.606s] writing ../../build/my_robot_controller/my_robot_controller.egg-info/PKG-INFO
[0.606s] writing dependency_links to ../../build/my_robot_controller/my_robot_controller.egg-info/dependency_links.txt
[0.607s] writing entry points to ../../build/my_robot_controller/my_robot_controller.egg-info/entry_points.txt
[0.607s] writing requirements to ../../build/my_robot_controller/my_robot_controller.egg-info/requires.txt
[0.607s] writing top-level names to ../../build/my_robot_controller/my_robot_controller.egg-info/top_level.txt
[0.608s] reading manifest file '../../build/my_robot_controller/my_robot_controller.egg-info/SOURCES.txt'
[0.609s] writing manifest file '../../build/my_robot_controller/my_robot_controller.egg-info/SOURCES.txt'
[0.609s] running build
[0.609s] running build_py
[0.609s] copying my_robot_controller/my_first_node.py -> /home/bkhwaja/vscode/ros2_ws/build/my_robot_controller/build/lib/my_robot_controller
[0.609s] copying my_robot_controller/__init__.py -> /home/bkhwaja/vscode/ros2_ws/build/my_robot_controller/build/lib/my_robot_controller
[0.609s] running install
[0.609s] running install_lib
[0.610s] copying /home/bkhwaja/vscode/ros2_ws/build/my_robot_controller/build/lib/my_robot_controller/my_first_node.py -> /home/bkhwaja/vscode/ros2_ws/install/my_robot_controller/lib/python3.10/site-packages/my_robot_controller
[0.610s] copying /home/bkhwaja/vscode/ros2_ws/build/my_robot_controller/build/lib/my_robot_controller/__init__.py -> /home/bkhwaja/vscode/ros2_ws/install/my_robot_controller/lib/python3.10/site-packages/my_robot_controller
[0.610s] byte-compiling /home/bkhwaja/vscode/ros2_ws/install/my_robot_controller/lib/python3.10/site-packages/my_robot_controller/my_first_node.py to my_first_node.cpython-310.pyc
[0.611s] byte-compiling /home/bkhwaja/vscode/ros2_ws/install/my_robot_controller/lib/python3.10/site-packages/my_robot_controller/__init__.py to __init__.cpython-310.pyc
[0.611s] running install_data
[0.612s] running install_egg_info
[0.613s] removing '/home/bkhwaja/vscode/ros2_ws/install/my_robot_controller/lib/python3.10/site-packages/my_robot_controller-0.0.0-py3.10.egg-info' (and everything under it)
[0.614s] Copying ../../build/my_robot_controller/my_robot_controller.egg-info to /home/bkhwaja/vscode/ros2_ws/install/my_robot_controller/lib/python3.10/site-packages/my_robot_controller-0.0.0-py3.10.egg-info
[0.614s] running install_scripts
[0.629s] Installing test_node script to /home/bkhwaja/vscode/ros2_ws/install/my_robot_controller/lib/my_robot_controller
[0.630s] writing list of installed files to '/home/bkhwaja/vscode/ros2_ws/build/my_robot_controller/install.log'
[0.653s] Invoked command in '/home/bkhwaja/vscode/ros2_ws/src/my_robot_controller' returned '0': PYTHONPATH=/home/bkhwaja/vscode/ros2_ws/build/my_robot_controller/prefix_override:/home/bkhwaja/vscode/ros2_ws/install/my_robot_controller/lib/python3.10/site-packages:${PYTHONPATH} /usr/bin/python3 setup.py egg_info --egg-base ../../build/my_robot_controller build --build-base /home/bkhwaja/vscode/ros2_ws/build/my_robot_controller/build install --record /home/bkhwaja/vscode/ros2_ws/build/my_robot_controller/install.log --single-version-externally-managed
