[0.602s] Invoking command in '/home/bkhwaja/vscode/ros2_ws/build/my_robot_controller': PYTHONPATH=/home/bkhwaja/vscode/ros2_ws/build/my_robot_controller/prefix_override:/home/bkhwaja/vscode/ros2_ws/install/my_robot_controller/lib/python3.10/site-packages:${PYTHONPATH} /usr/bin/python3 setup.py develop --uninstall --editable --build-directory /home/bkhwaja/vscode/ros2_ws/build/my_robot_controller/build
[0.788s] running develop
[0.922s] Invoked command in '/home/bkhwaja/vscode/ros2_ws/build/my_robot_controller' returned '0': PYTHONPATH=/home/bkhwaja/vscode/ros2_ws/build/my_robot_controller/prefix_override:/home/bkhwaja/vscode/ros2_ws/install/my_robot_controller/lib/python3.10/site-packages:${PYTHONPATH} /usr/bin/python3 setup.py develop --uninstall --editable --build-directory /home/bkhwaja/vscode/ros2_ws/build/my_robot_controller/build
[0.924s] Invoking command in '/home/bkhwaja/vscode/ros2_ws/src/my_robot_controller': PYTHONPATH=/home/bkhwaja/vscode/ros2_ws/build/my_robot_controller/prefix_override:/home/bkhwaja/vscode/ros2_ws/install/my_robot_controller/lib/python3.10/site-packages:${PYTHONPATH} /usr/bin/python3 setup.py egg_info --egg-base ../../build/my_robot_controller build --build-base /home/bkhwaja/vscode/ros2_ws/build/my_robot_controller/build install --record /home/bkhwaja/vscode/ros2_ws/build/my_robot_controller/install.log --single-version-externally-managed
[1.101s] running egg_info
[1.101s] writing ../../build/my_robot_controller/my_robot_controller.egg-info/PKG-INFO
[1.103s] writing dependency_links to ../../build/my_robot_controller/my_robot_controller.egg-info/dependency_links.txt
[1.103s] writing entry points to ../../build/my_robot_controller/my_robot_controller.egg-info/entry_points.txt
[1.103s] writing requirements to ../../build/my_robot_controller/my_robot_controller.egg-info/requires.txt
[1.104s] writing top-level names to ../../build/my_robot_controller/my_robot_controller.egg-info/top_level.txt
[1.106s] reading manifest file '../../build/my_robot_controller/my_robot_controller.egg-info/SOURCES.txt'
[1.107s] writing manifest file '../../build/my_robot_controller/my_robot_controller.egg-info/SOURCES.txt'
[1.107s] running build
[1.107s] running build_py
[1.107s] running install
[1.108s] running install_lib
[1.109s] running install_data
[1.109s] copying package.xml -> /home/bkhwaja/vscode/ros2_ws/install/my_robot_controller/share/my_robot_controller
[1.110s] running install_egg_info
[1.111s] removing '/home/bkhwaja/vscode/ros2_ws/install/my_robot_controller/lib/python3.10/site-packages/my_robot_controller-0.0.0-py3.10.egg-info' (and everything under it)
[1.112s] Copying ../../build/my_robot_controller/my_robot_controller.egg-info to /home/bkhwaja/vscode/ros2_ws/install/my_robot_controller/lib/python3.10/site-packages/my_robot_controller-0.0.0-py3.10.egg-info
[1.113s] running install_scripts
[1.130s] Installing draw_circle script to /home/bkhwaja/vscode/ros2_ws/install/my_robot_controller/lib/my_robot_controller
[1.130s] Installing pose_subscriber script to /home/bkhwaja/vscode/ros2_ws/install/my_robot_controller/lib/my_robot_controller
[1.130s] Installing test_node script to /home/bkhwaja/vscode/ros2_ws/install/my_robot_controller/lib/my_robot_controller
[1.130s] Installing turtle_controller script to /home/bkhwaja/vscode/ros2_ws/install/my_robot_controller/lib/my_robot_controller
[1.130s] writing list of installed files to '/home/bkhwaja/vscode/ros2_ws/build/my_robot_controller/install.log'
[1.159s] Invoked command in '/home/bkhwaja/vscode/ros2_ws/src/my_robot_controller' returned '0': PYTHONPATH=/home/bkhwaja/vscode/ros2_ws/build/my_robot_controller/prefix_override:/home/bkhwaja/vscode/ros2_ws/install/my_robot_controller/lib/python3.10/site-packages:${PYTHONPATH} /usr/bin/python3 setup.py egg_info --egg-base ../../build/my_robot_controller build --build-base /home/bkhwaja/vscode/ros2_ws/build/my_robot_controller/build install --record /home/bkhwaja/vscode/ros2_ws/build/my_robot_controller/install.log --single-version-externally-managed
