[0.514s] Invoking command in '/home/bkhwaja/vscode/ros2_ws/build/my_robot_controller': PYTHONPATH=/home/bkhwaja/vscode/ros2_ws/build/my_robot_controller/prefix_override:/home/bkhwaja/vscode/ros2_ws/install/my_robot_controller/lib/python3.10/site-packages:${PYTHONPATH} /usr/bin/python3 setup.py develop --uninstall --editable --build-directory /home/bkhwaja/vscode/ros2_ws/build/my_robot_controller/build
[0.680s] running develop
[0.784s] Removing /home/bkhwaja/vscode/ros2_ws/install/my_robot_controller/lib/python3.10/site-packages/my-robot-controller.egg-link (link to .)
[0.806s] Invoked command in '/home/bkhwaja/vscode/ros2_ws/build/my_robot_controller' returned '0': PYTHONPATH=/home/bkhwaja/vscode/ros2_ws/build/my_robot_controller/prefix_override:/home/bkhwaja/vscode/ros2_ws/install/my_robot_controller/lib/python3.10/site-packages:${PYTHONPATH} /usr/bin/python3 setup.py develop --uninstall --editable --build-directory /home/bkhwaja/vscode/ros2_ws/build/my_robot_controller/build
[0.807s] Invoking command in '/home/bkhwaja/vscode/ros2_ws/src/my_robot_controller': PYTHONPATH=/home/bkhwaja/vscode/ros2_ws/build/my_robot_controller/prefix_override:/home/bkhwaja/vscode/ros2_ws/install/my_robot_controller/lib/python3.10/site-packages:${PYTHONPATH} /usr/bin/python3 setup.py egg_info --egg-base ../../build/my_robot_controller build --build-base /home/bkhwaja/vscode/ros2_ws/build/my_robot_controller/build install --record /home/bkhwaja/vscode/ros2_ws/build/my_robot_controller/install.log --single-version-externally-managed
[0.961s] running egg_info
[0.962s] writing ../../build/my_robot_controller/my_robot_controller.egg-info/PKG-INFO
[0.962s] writing dependency_links to ../../build/my_robot_controller/my_robot_controller.egg-info/dependency_links.txt
[0.962s] writing entry points to ../../build/my_robot_controller/my_robot_controller.egg-info/entry_points.txt
[0.963s] writing requirements to ../../build/my_robot_controller/my_robot_controller.egg-info/requires.txt
[0.963s] writing top-level names to ../../build/my_robot_controller/my_robot_controller.egg-info/top_level.txt
[0.964s] reading manifest file '../../build/my_robot_controller/my_robot_controller.egg-info/SOURCES.txt'
[0.970s] writing manifest file '../../build/my_robot_controller/my_robot_controller.egg-info/SOURCES.txt'
[0.971s] running build
[0.971s] running build_py
[0.972s] copying my_robot_controller/turtle_controller.py -> /home/bkhwaja/vscode/ros2_ws/build/my_robot_controller/build/lib/my_robot_controller
[0.972s] copying my_robot_controller/fibionacci_action_server.py -> /home/bkhwaja/vscode/ros2_ws/build/my_robot_controller/build/lib/my_robot_controller
[0.972s] running install
[0.973s] running install_lib
[0.973s] creating /home/bkhwaja/vscode/ros2_ws/install/my_robot_controller/lib/python3.10/site-packages/my_robot_controller
[0.973s] copying /home/bkhwaja/vscode/ros2_ws/build/my_robot_controller/build/lib/my_robot_controller/draw_circle.py -> /home/bkhwaja/vscode/ros2_ws/install/my_robot_controller/lib/python3.10/site-packages/my_robot_controller
[0.973s] copying /home/bkhwaja/vscode/ros2_ws/build/my_robot_controller/build/lib/my_robot_controller/pose_subscriber.py -> /home/bkhwaja/vscode/ros2_ws/install/my_robot_controller/lib/python3.10/site-packages/my_robot_controller
[0.973s] copying /home/bkhwaja/vscode/ros2_ws/build/my_robot_controller/build/lib/my_robot_controller/turtle_controller.py -> /home/bkhwaja/vscode/ros2_ws/install/my_robot_controller/lib/python3.10/site-packages/my_robot_controller
[0.974s] copying /home/bkhwaja/vscode/ros2_ws/build/my_robot_controller/build/lib/my_robot_controller/fibionacci_action_server.py -> /home/bkhwaja/vscode/ros2_ws/install/my_robot_controller/lib/python3.10/site-packages/my_robot_controller
[0.974s] copying /home/bkhwaja/vscode/ros2_ws/build/my_robot_controller/build/lib/my_robot_controller/my_first_node.py -> /home/bkhwaja/vscode/ros2_ws/install/my_robot_controller/lib/python3.10/site-packages/my_robot_controller
[0.974s] copying /home/bkhwaja/vscode/ros2_ws/build/my_robot_controller/build/lib/my_robot_controller/__init__.py -> /home/bkhwaja/vscode/ros2_ws/install/my_robot_controller/lib/python3.10/site-packages/my_robot_controller
[0.974s] byte-compiling /home/bkhwaja/vscode/ros2_ws/install/my_robot_controller/lib/python3.10/site-packages/my_robot_controller/draw_circle.py to draw_circle.cpython-310.pyc
[0.975s] byte-compiling /home/bkhwaja/vscode/ros2_ws/install/my_robot_controller/lib/python3.10/site-packages/my_robot_controller/pose_subscriber.py to pose_subscriber.cpython-310.pyc
[0.975s] byte-compiling /home/bkhwaja/vscode/ros2_ws/install/my_robot_controller/lib/python3.10/site-packages/my_robot_controller/turtle_controller.py to turtle_controller.cpython-310.pyc
[0.976s] byte-compiling /home/bkhwaja/vscode/ros2_ws/install/my_robot_controller/lib/python3.10/site-packages/my_robot_controller/fibionacci_action_server.py to fibionacci_action_server.cpython-310.pyc
[0.976s] byte-compiling /home/bkhwaja/vscode/ros2_ws/install/my_robot_controller/lib/python3.10/site-packages/my_robot_controller/my_first_node.py to my_first_node.cpython-310.pyc
[0.977s] byte-compiling /home/bkhwaja/vscode/ros2_ws/install/my_robot_controller/lib/python3.10/site-packages/my_robot_controller/__init__.py to __init__.cpython-310.pyc
[0.977s] running install_data
[0.977s] running install_egg_info
[0.979s] Copying ../../build/my_robot_controller/my_robot_controller.egg-info to /home/bkhwaja/vscode/ros2_ws/install/my_robot_controller/lib/python3.10/site-packages/my_robot_controller-0.0.0-py3.10.egg-info
[0.980s] running install_scripts
[0.993s] Installing draw_circle script to /home/bkhwaja/vscode/ros2_ws/install/my_robot_controller/lib/my_robot_controller
[0.993s] Installing pose_subscriber script to /home/bkhwaja/vscode/ros2_ws/install/my_robot_controller/lib/my_robot_controller
[0.994s] Installing test_node script to /home/bkhwaja/vscode/ros2_ws/install/my_robot_controller/lib/my_robot_controller
[0.994s] Installing turtle_controller script to /home/bkhwaja/vscode/ros2_ws/install/my_robot_controller/lib/my_robot_controller
[0.994s] writing list of installed files to '/home/bkhwaja/vscode/ros2_ws/build/my_robot_controller/install.log'
[1.014s] Invoked command in '/home/bkhwaja/vscode/ros2_ws/src/my_robot_controller' returned '0': PYTHONPATH=/home/bkhwaja/vscode/ros2_ws/build/my_robot_controller/prefix_override:/home/bkhwaja/vscode/ros2_ws/install/my_robot_controller/lib/python3.10/site-packages:${PYTHONPATH} /usr/bin/python3 setup.py egg_info --egg-base ../../build/my_robot_controller build --build-base /home/bkhwaja/vscode/ros2_ws/build/my_robot_controller/build install --record /home/bkhwaja/vscode/ros2_ws/build/my_robot_controller/install.log --single-version-externally-managed
