[0.487s] Invoking command in '/home/bkhwaja/vscode/ros2_ws/src/my_robot_controller': PYTHONPATH=/home/bkhwaja/vscode/ros2_ws/src/build/my_robot_controller/prefix_override:/home/bkhwaja/vscode/ros2_ws/src/install/my_robot_controller/lib/python3.10/site-packages:${PYTHONPATH} /usr/bin/python3 setup.py egg_info --egg-base ../build/my_robot_controller build --build-base /home/bkhwaja/vscode/ros2_ws/src/build/my_robot_controller/build install --record /home/bkhwaja/vscode/ros2_ws/src/build/my_robot_controller/install.log --single-version-externally-managed
[0.701s] running egg_info
[0.701s] writing ../build/my_robot_controller/my_robot_controller.egg-info/PKG-INFO
[0.701s] writing dependency_links to ../build/my_robot_controller/my_robot_controller.egg-info/dependency_links.txt
[0.702s] writing entry points to ../build/my_robot_controller/my_robot_controller.egg-info/entry_points.txt
[0.702s] writing requirements to ../build/my_robot_controller/my_robot_controller.egg-info/requires.txt
[0.702s] writing top-level names to ../build/my_robot_controller/my_robot_controller.egg-info/top_level.txt
[0.704s] reading manifest file '../build/my_robot_controller/my_robot_controller.egg-info/SOURCES.txt'
[0.705s] writing manifest file '../build/my_robot_controller/my_robot_controller.egg-info/SOURCES.txt'
[0.705s] running build
[0.705s] running build_py
[0.705s] running install
[0.705s] running install_lib
[0.707s] running install_data
[0.707s] running install_egg_info
[0.708s] removing '/home/bkhwaja/vscode/ros2_ws/src/install/my_robot_controller/lib/python3.10/site-packages/my_robot_controller-0.0.0-py3.10.egg-info' (and everything under it)
[0.709s] Copying ../build/my_robot_controller/my_robot_controller.egg-info to /home/bkhwaja/vscode/ros2_ws/src/install/my_robot_controller/lib/python3.10/site-packages/my_robot_controller-0.0.0-py3.10.egg-info
[0.709s] running install_scripts
[0.726s] Installing draw_circle script to /home/bkhwaja/vscode/ros2_ws/src/install/my_robot_controller/lib/my_robot_controller
[0.727s] Installing pose_subscriber script to /home/bkhwaja/vscode/ros2_ws/src/install/my_robot_controller/lib/my_robot_controller
[0.727s] Installing test_node script to /home/bkhwaja/vscode/ros2_ws/src/install/my_robot_controller/lib/my_robot_controller
[0.728s] Installing turtle_controller script to /home/bkhwaja/vscode/ros2_ws/src/install/my_robot_controller/lib/my_robot_controller
[0.728s] writing list of installed files to '/home/bkhwaja/vscode/ros2_ws/src/build/my_robot_controller/install.log'
[0.760s] Invoked command in '/home/bkhwaja/vscode/ros2_ws/src/my_robot_controller' returned '0': PYTHONPATH=/home/bkhwaja/vscode/ros2_ws/src/build/my_robot_controller/prefix_override:/home/bkhwaja/vscode/ros2_ws/src/install/my_robot_controller/lib/python3.10/site-packages:${PYTHONPATH} /usr/bin/python3 setup.py egg_info --egg-base ../build/my_robot_controller build --build-base /home/bkhwaja/vscode/ros2_ws/src/build/my_robot_controller/build install --record /home/bkhwaja/vscode/ros2_ws/src/build/my_robot_controller/install.log --single-version-externally-managed
