[0.334s] DEBUG:colcon:Command line arguments: ['/usr/bin/colcon', 'build']
[0.334s] DEBUG:colcon:Parsed command line arguments: Namespace(log_base=None, log_level=None, verb_name='build', build_base='build', install_base='install', merge_install=False, symlink_install=False, test_result_base=None, continue_on_error=False, executor='parallel', parallel_workers=12, event_handlers=None, ignore_user_meta=False, metas=['./colcon.meta'], base_paths=['.'], packages_ignore=None, packages_ignore_regex=None, paths=None, packages_up_to=None, packages_up_to_regex=None, packages_above=None, packages_above_and_dependencies=None, packages_above_depth=None, packages_select_by_dep=None, packages_skip_by_dep=None, packages_skip_up_to=None, packages_select_build_failed=False, packages_skip_build_finished=False, packages_select_test_failures=False, packages_skip_test_passed=False, packages_select=None, packages_skip=None, packages_select_regex=None, packages_skip_regex=None, packages_start=None, packages_end=None, allow_overriding=[], cmake_args=None, cmake_target=None, cmake_target_skip_unavailable=False, cmake_clean_cache=False, cmake_clean_first=False, cmake_force_configure=False, ament_cmake_args=None, catkin_cmake_args=None, catkin_skip_building_tests=False, verb_parser=<colcon_defaults.argument_parser.defaults.DefaultArgumentsDecorator object at 0x7fc2d70d2d10>, verb_extension=<colcon_core.verb.build.BuildVerb object at 0x7fc2d7145f90>, main=<bound method BuildVerb.main of <colcon_core.verb.build.BuildVerb object at 0x7fc2d7145f90>>)
[0.349s] Level 1:colcon.colcon_core.package_discovery:discover_packages(colcon_meta) check parameters
[0.349s] Level 1:colcon.colcon_core.package_discovery:discover_packages(recursive) check parameters
[0.349s] Level 1:colcon.colcon_core.package_discovery:discover_packages(ignore) check parameters
[0.349s] Level 1:colcon.colcon_core.package_discovery:discover_packages(path) check parameters
[0.349s] Level 1:colcon.colcon_core.package_discovery:discover_packages(colcon_meta) discover
[0.349s] Level 1:colcon.colcon_core.package_discovery:discover_packages(recursive) discover
[0.349s] INFO:colcon.colcon_core.package_discovery:Crawling recursively for packages in '/home/bkhwaja/vscode/ros2_ws/src'
[0.349s] Level 1:colcon.colcon_core.package_identification:_identify(.) by extensions ['ignore', 'ignore_ament_install']
[0.349s] Level 1:colcon.colcon_core.package_identification:_identify(.) by extension 'ignore'
[0.350s] Level 1:colcon.colcon_core.package_identification:_identify(.) by extension 'ignore_ament_install'
[0.350s] Level 1:colcon.colcon_core.package_identification:_identify(.) by extensions ['colcon_pkg']
[0.350s] Level 1:colcon.colcon_core.package_identification:_identify(.) by extension 'colcon_pkg'
[0.350s] Level 1:colcon.colcon_core.package_identification:_identify(.) by extensions ['colcon_meta']
[0.350s] Level 1:colcon.colcon_core.package_identification:_identify(.) by extension 'colcon_meta'
[0.350s] Level 1:colcon.colcon_core.package_identification:_identify(.) by extensions ['ros']
[0.350s] Level 1:colcon.colcon_core.package_identification:_identify(.) by extension 'ros'
[0.357s] Level 1:colcon.colcon_core.package_identification:_identify(.) by extensions ['cmake', 'python']
[0.358s] Level 1:colcon.colcon_core.package_identification:_identify(.) by extension 'cmake'
[0.358s] Level 1:colcon.colcon_core.package_identification:_identify(.) by extension 'python'
[0.358s] Level 1:colcon.colcon_core.package_identification:_identify(.) by extensions ['python_setup_py']
[0.358s] Level 1:colcon.colcon_core.package_identification:_identify(.) by extension 'python_setup_py'
[0.358s] Level 1:colcon.colcon_core.package_identification:_identify(build) by extensions ['ignore', 'ignore_ament_install']
[0.358s] Level 1:colcon.colcon_core.package_identification:_identify(build) by extension 'ignore'
[0.358s] Level 1:colcon.colcon_core.package_identification:_identify(build) ignored
[0.358s] Level 1:colcon.colcon_core.package_identification:_identify(custom_interfaces) by extensions ['ignore', 'ignore_ament_install']
[0.358s] Level 1:colcon.colcon_core.package_identification:_identify(custom_interfaces) by extension 'ignore'
[0.358s] Level 1:colcon.colcon_core.package_identification:_identify(custom_interfaces) by extension 'ignore_ament_install'
[0.358s] Level 1:colcon.colcon_core.package_identification:_identify(custom_interfaces) by extensions ['colcon_pkg']
[0.358s] Level 1:colcon.colcon_core.package_identification:_identify(custom_interfaces) by extension 'colcon_pkg'
[0.358s] Level 1:colcon.colcon_core.package_identification:_identify(custom_interfaces) by extensions ['colcon_meta']
[0.358s] Level 1:colcon.colcon_core.package_identification:_identify(custom_interfaces) by extension 'colcon_meta'
[0.358s] Level 1:colcon.colcon_core.package_identification:_identify(custom_interfaces) by extensions ['ros']
[0.358s] Level 1:colcon.colcon_core.package_identification:_identify(custom_interfaces) by extension 'ros'
[0.360s] DEBUG:colcon.colcon_core.package_identification:Package 'custom_interfaces' with type 'ros.ament_cmake' and name 'custom_interfaces'
[0.360s] Level 1:colcon.colcon_core.package_identification:_identify(install) by extensions ['ignore', 'ignore_ament_install']
[0.360s] Level 1:colcon.colcon_core.package_identification:_identify(install) by extension 'ignore'
[0.360s] Level 1:colcon.colcon_core.package_identification:_identify(install) ignored
[0.361s] Level 1:colcon.colcon_core.package_identification:_identify(log) by extensions ['ignore', 'ignore_ament_install']
[0.361s] Level 1:colcon.colcon_core.package_identification:_identify(log) by extension 'ignore'
[0.361s] Level 1:colcon.colcon_core.package_identification:_identify(log) ignored
[0.361s] Level 1:colcon.colcon_core.package_identification:_identify(my_robot_controller) by extensions ['ignore', 'ignore_ament_install']
[0.361s] Level 1:colcon.colcon_core.package_identification:_identify(my_robot_controller) by extension 'ignore'
[0.361s] Level 1:colcon.colcon_core.package_identification:_identify(my_robot_controller) by extension 'ignore_ament_install'
[0.361s] Level 1:colcon.colcon_core.package_identification:_identify(my_robot_controller) by extensions ['colcon_pkg']
[0.361s] Level 1:colcon.colcon_core.package_identification:_identify(my_robot_controller) by extension 'colcon_pkg'
[0.361s] Level 1:colcon.colcon_core.package_identification:_identify(my_robot_controller) by extensions ['colcon_meta']
[0.361s] Level 1:colcon.colcon_core.package_identification:_identify(my_robot_controller) by extension 'colcon_meta'
[0.361s] Level 1:colcon.colcon_core.package_identification:_identify(my_robot_controller) by extensions ['ros']
[0.361s] Level 1:colcon.colcon_core.package_identification:_identify(my_robot_controller) by extension 'ros'
[0.362s] DEBUG:colcon.colcon_core.package_identification:Package 'my_robot_controller' with type 'ros.ament_python' and name 'my_robot_controller'
[0.362s] Level 1:colcon.colcon_core.package_discovery:discover_packages(recursive) using defaults
[0.362s] Level 1:colcon.colcon_core.package_discovery:discover_packages(ignore) discover
[0.362s] Level 1:colcon.colcon_core.package_discovery:discover_packages(ignore) using defaults
[0.362s] Level 1:colcon.colcon_core.package_discovery:discover_packages(path) discover
[0.362s] Level 1:colcon.colcon_core.package_discovery:discover_packages(path) using defaults
[0.377s] Level 1:colcon.colcon_core.package_discovery:discover_packages(prefix_path) check parameters
[0.378s] Level 1:colcon.colcon_core.package_discovery:discover_packages(prefix_path) discover
[0.380s] DEBUG:colcon.colcon_installed_package_information.package_discovery:Found 1 installed packages in /home/bkhwaja/vscode/ros2_ws/install
[0.381s] DEBUG:colcon.colcon_installed_package_information.package_discovery:Found 291 installed packages in /opt/ros/humble
[0.382s] Level 1:colcon.colcon_core.package_discovery:discover_packages(prefix_path) using defaults
[0.423s] Level 5:colcon.colcon_core.verb:set package 'custom_interfaces' build argument 'cmake_args' from command line to 'None'
[0.423s] Level 5:colcon.colcon_core.verb:set package 'custom_interfaces' build argument 'cmake_target' from command line to 'None'
[0.423s] Level 5:colcon.colcon_core.verb:set package 'custom_interfaces' build argument 'cmake_target_skip_unavailable' from command line to 'False'
[0.423s] Level 5:colcon.colcon_core.verb:set package 'custom_interfaces' build argument 'cmake_clean_cache' from command line to 'False'
[0.423s] Level 5:colcon.colcon_core.verb:set package 'custom_interfaces' build argument 'cmake_clean_first' from command line to 'False'
[0.423s] Level 5:colcon.colcon_core.verb:set package 'custom_interfaces' build argument 'cmake_force_configure' from command line to 'False'
[0.423s] Level 5:colcon.colcon_core.verb:set package 'custom_interfaces' build argument 'ament_cmake_args' from command line to 'None'
[0.423s] Level 5:colcon.colcon_core.verb:set package 'custom_interfaces' build argument 'catkin_cmake_args' from command line to 'None'
[0.423s] Level 5:colcon.colcon_core.verb:set package 'custom_interfaces' build argument 'catkin_skip_building_tests' from command line to 'False'
[0.423s] DEBUG:colcon.colcon_core.verb:Building package 'custom_interfaces' with the following arguments: {'ament_cmake_args': None, 'build_base': '/home/bkhwaja/vscode/ros2_ws/src/build/custom_interfaces', 'catkin_cmake_args': None, 'catkin_skip_building_tests': False, 'cmake_args': None, 'cmake_clean_cache': False, 'cmake_clean_first': False, 'cmake_force_configure': False, 'cmake_target': None, 'cmake_target_skip_unavailable': False, 'install_base': '/home/bkhwaja/vscode/ros2_ws/src/install/custom_interfaces', 'merge_install': False, 'path': '/home/bkhwaja/vscode/ros2_ws/src/custom_interfaces', 'symlink_install': False, 'test_result_base': None}
[0.424s] Level 5:colcon.colcon_core.verb:set package 'my_robot_controller' build argument 'cmake_args' from command line to 'None'
[0.424s] Level 5:colcon.colcon_core.verb:set package 'my_robot_controller' build argument 'cmake_target' from command line to 'None'
[0.424s] Level 5:colcon.colcon_core.verb:set package 'my_robot_controller' build argument 'cmake_target_skip_unavailable' from command line to 'False'
[0.424s] Level 5:colcon.colcon_core.verb:set package 'my_robot_controller' build argument 'cmake_clean_cache' from command line to 'False'
[0.424s] Level 5:colcon.colcon_core.verb:set package 'my_robot_controller' build argument 'cmake_clean_first' from command line to 'False'
[0.424s] Level 5:colcon.colcon_core.verb:set package 'my_robot_controller' build argument 'cmake_force_configure' from command line to 'False'
[0.424s] Level 5:colcon.colcon_core.verb:set package 'my_robot_controller' build argument 'ament_cmake_args' from command line to 'None'
[0.424s] Level 5:colcon.colcon_core.verb:set package 'my_robot_controller' build argument 'catkin_cmake_args' from command line to 'None'
[0.424s] Level 5:colcon.colcon_core.verb:set package 'my_robot_controller' build argument 'catkin_skip_building_tests' from command line to 'False'
[0.424s] DEBUG:colcon.colcon_core.verb:Building package 'my_robot_controller' with the following arguments: {'ament_cmake_args': None, 'build_base': '/home/bkhwaja/vscode/ros2_ws/src/build/my_robot_controller', 'catkin_cmake_args': None, 'catkin_skip_building_tests': False, 'cmake_args': None, 'cmake_clean_cache': False, 'cmake_clean_first': False, 'cmake_force_configure': False, 'cmake_target': None, 'cmake_target_skip_unavailable': False, 'install_base': '/home/bkhwaja/vscode/ros2_ws/src/install/my_robot_controller', 'merge_install': False, 'path': '/home/bkhwaja/vscode/ros2_ws/src/my_robot_controller', 'symlink_install': False, 'test_result_base': None}
[0.425s] INFO:colcon.colcon_core.executor:Executing jobs using 'parallel' executor
[0.427s] DEBUG:colcon.colcon_parallel_executor.executor.parallel:run_until_complete
[0.428s] INFO:colcon.colcon_ros.task.ament_cmake.build:Building ROS package in '/home/bkhwaja/vscode/ros2_ws/src/custom_interfaces' with build type 'ament_cmake'
[0.428s] INFO:colcon.colcon_cmake.task.cmake.build:Building CMake package in '/home/bkhwaja/vscode/ros2_ws/src/custom_interfaces'
[0.431s] INFO:colcon.colcon_core.plugin_system:Skipping extension 'colcon_core.shell.bat': Not used on non-Windows systems
[0.431s] INFO:colcon.colcon_core.shell:Skip shell extension 'powershell' for command environment: Not usable outside of PowerShell
[0.431s] DEBUG:colcon.colcon_core.shell:Skip shell extension 'dsv' for command environment
[0.434s] INFO:colcon.colcon_ros.task.ament_python.build:Building ROS package in '/home/bkhwaja/vscode/ros2_ws/src/my_robot_controller' with build type 'ament_python'
[0.435s] Level 1:colcon.colcon_core.shell:create_environment_hook('my_robot_controller', 'ament_prefix_path')
[0.437s] INFO:colcon.colcon_core.shell:Creating environment hook '/home/bkhwaja/vscode/ros2_ws/src/install/my_robot_controller/share/my_robot_controller/hook/ament_prefix_path.ps1'
[0.438s] INFO:colcon.colcon_core.shell:Creating environment descriptor '/home/bkhwaja/vscode/ros2_ws/src/install/my_robot_controller/share/my_robot_controller/hook/ament_prefix_path.dsv'
[0.439s] INFO:colcon.colcon_core.shell:Creating environment hook '/home/bkhwaja/vscode/ros2_ws/src/install/my_robot_controller/share/my_robot_controller/hook/ament_prefix_path.sh'
[0.441s] INFO:colcon.colcon_core.shell:Skip shell extension 'powershell' for command environment: Not usable outside of PowerShell
[0.442s] DEBUG:colcon.colcon_core.shell:Skip shell extension 'dsv' for command environment
[0.450s] DEBUG:colcon.colcon_core.event_handler.log_command:Invoking command in '/home/bkhwaja/vscode/ros2_ws/src/build/custom_interfaces': CMAKE_PREFIX_PATH=/home/bkhwaja/vscode/ros2_ws/install/my_robot_controller:/opt/ros/humble /home/bkhwaja/.local/bin/cmake /home/bkhwaja/vscode/ros2_ws/src/custom_interfaces -DCMAKE_INSTALL_PREFIX=/home/bkhwaja/vscode/ros2_ws/src/install/custom_interfaces
[0.639s] INFO:colcon.colcon_core.task.python.build:Building Python package in '/home/bkhwaja/vscode/ros2_ws/src/my_robot_controller'
[0.640s] INFO:colcon.colcon_core.shell:Skip shell extension 'powershell' for command environment: Not usable outside of PowerShell
[0.640s] DEBUG:colcon.colcon_core.shell:Skip shell extension 'dsv' for command environment
[0.917s] DEBUG:colcon.colcon_core.event_handler.log_command:Invoking command in '/home/bkhwaja/vscode/ros2_ws/src/my_robot_controller': PYTHONPATH=/home/bkhwaja/vscode/ros2_ws/src/build/my_robot_controller/prefix_override:/home/bkhwaja/vscode/ros2_ws/src/install/my_robot_controller/lib/python3.10/site-packages:${PYTHONPATH} /usr/bin/python3 setup.py egg_info --egg-base ../build/my_robot_controller build --build-base /home/bkhwaja/vscode/ros2_ws/src/build/my_robot_controller/build install --record /home/bkhwaja/vscode/ros2_ws/src/build/my_robot_controller/install.log --single-version-externally-managed
[1.132s] DEBUG:colcon.colcon_core.event_handler.log_command:Invoked command in '/home/bkhwaja/vscode/ros2_ws/src/my_robot_controller' returned '0': PYTHONPATH=/home/bkhwaja/vscode/ros2_ws/src/build/my_robot_controller/prefix_override:/home/bkhwaja/vscode/ros2_ws/src/install/my_robot_controller/lib/python3.10/site-packages:${PYTHONPATH} /usr/bin/python3 setup.py egg_info --egg-base ../build/my_robot_controller build --build-base /home/bkhwaja/vscode/ros2_ws/src/build/my_robot_controller/build install --record /home/bkhwaja/vscode/ros2_ws/src/build/my_robot_controller/install.log --single-version-externally-managed
[1.136s] Level 1:colcon.colcon_core.environment:checking '/home/bkhwaja/vscode/ros2_ws/src/install/my_robot_controller' for CMake module files
[1.136s] Level 1:colcon.colcon_core.environment:checking '/home/bkhwaja/vscode/ros2_ws/src/install/my_robot_controller' for CMake config files
[1.137s] Level 1:colcon.colcon_core.environment:checking '/home/bkhwaja/vscode/ros2_ws/src/install/my_robot_controller/lib'
[1.137s] Level 1:colcon.colcon_core.environment:checking '/home/bkhwaja/vscode/ros2_ws/src/install/my_robot_controller/bin'
[1.137s] Level 1:colcon.colcon_core.environment:checking '/home/bkhwaja/vscode/ros2_ws/src/install/my_robot_controller/lib/pkgconfig/my_robot_controller.pc'
[1.137s] Level 1:colcon.colcon_core.environment:checking '/home/bkhwaja/vscode/ros2_ws/src/install/my_robot_controller/lib/python3.10/site-packages'
[1.138s] Level 1:colcon.colcon_core.shell:create_environment_hook('my_robot_controller', 'pythonpath')
[1.139s] INFO:colcon.colcon_core.shell:Creating environment hook '/home/bkhwaja/vscode/ros2_ws/src/install/my_robot_controller/share/my_robot_controller/hook/pythonpath.ps1'
[1.139s] INFO:colcon.colcon_core.shell:Creating environment descriptor '/home/bkhwaja/vscode/ros2_ws/src/install/my_robot_controller/share/my_robot_controller/hook/pythonpath.dsv'
[1.139s] INFO:colcon.colcon_core.shell:Creating environment hook '/home/bkhwaja/vscode/ros2_ws/src/install/my_robot_controller/share/my_robot_controller/hook/pythonpath.sh'
[1.140s] Level 1:colcon.colcon_core.environment:checking '/home/bkhwaja/vscode/ros2_ws/src/install/my_robot_controller/bin'
[1.140s] Level 1:colcon.colcon_core.environment:create_environment_scripts_only(my_robot_controller)
[1.141s] INFO:colcon.colcon_core.shell:Creating package script '/home/bkhwaja/vscode/ros2_ws/src/install/my_robot_controller/share/my_robot_controller/package.ps1'
[1.141s] INFO:colcon.colcon_core.shell:Creating package descriptor '/home/bkhwaja/vscode/ros2_ws/src/install/my_robot_controller/share/my_robot_controller/package.dsv'
[1.142s] INFO:colcon.colcon_core.shell:Creating package script '/home/bkhwaja/vscode/ros2_ws/src/install/my_robot_controller/share/my_robot_controller/package.sh'
[1.142s] INFO:colcon.colcon_core.shell:Creating package script '/home/bkhwaja/vscode/ros2_ws/src/install/my_robot_controller/share/my_robot_controller/package.bash'
[1.143s] INFO:colcon.colcon_core.shell:Creating package script '/home/bkhwaja/vscode/ros2_ws/src/install/my_robot_controller/share/my_robot_controller/package.zsh'
[1.143s] Level 1:colcon.colcon_core.environment:create_file_with_runtime_dependencies(/home/bkhwaja/vscode/ros2_ws/src/install/my_robot_controller/share/colcon-core/packages/my_robot_controller)
[4.825s] DEBUG:colcon.colcon_core.event_handler.log_command:Invoked command in '/home/bkhwaja/vscode/ros2_ws/src/build/custom_interfaces' returned '0': CMAKE_PREFIX_PATH=/home/bkhwaja/vscode/ros2_ws/install/my_robot_controller:/opt/ros/humble /home/bkhwaja/.local/bin/cmake /home/bkhwaja/vscode/ros2_ws/src/custom_interfaces -DCMAKE_INSTALL_PREFIX=/home/bkhwaja/vscode/ros2_ws/src/install/custom_interfaces
[4.825s] DEBUG:colcon.colcon_core.event_handler.log_command:Invoking command in '/home/bkhwaja/vscode/ros2_ws/src/build/custom_interfaces': CMAKE_PREFIX_PATH=/home/bkhwaja/vscode/ros2_ws/install/my_robot_controller:/opt/ros/humble /home/bkhwaja/.local/bin/cmake --build /home/bkhwaja/vscode/ros2_ws/src/build/custom_interfaces -- -j12 -l12
[8.342s] DEBUG:colcon.colcon_core.event_handler.log_command:Invoked command in '/home/bkhwaja/vscode/ros2_ws/src/build/custom_interfaces' returned '0': CMAKE_PREFIX_PATH=/home/bkhwaja/vscode/ros2_ws/install/my_robot_controller:/opt/ros/humble /home/bkhwaja/.local/bin/cmake --build /home/bkhwaja/vscode/ros2_ws/src/build/custom_interfaces -- -j12 -l12
[8.418s] DEBUG:colcon.colcon_core.event_handler.log_command:Invoking command in '/home/bkhwaja/vscode/ros2_ws/src/build/custom_interfaces': CMAKE_PREFIX_PATH=/home/bkhwaja/vscode/ros2_ws/install/my_robot_controller:/opt/ros/humble /home/bkhwaja/.local/bin/cmake --install /home/bkhwaja/vscode/ros2_ws/src/build/custom_interfaces
[8.488s] Level 1:colcon.colcon_core.environment:create_environment_scripts_only(custom_interfaces)
[8.490s] Level 1:colcon.colcon_core.environment:checking '/home/bkhwaja/vscode/ros2_ws/src/install/custom_interfaces' for CMake module files
[8.490s] DEBUG:colcon.colcon_core.event_handler.log_command:Invoked command in '/home/bkhwaja/vscode/ros2_ws/src/build/custom_interfaces' returned '0': CMAKE_PREFIX_PATH=/home/bkhwaja/vscode/ros2_ws/install/my_robot_controller:/opt/ros/humble /home/bkhwaja/.local/bin/cmake --install /home/bkhwaja/vscode/ros2_ws/src/build/custom_interfaces
[8.490s] Level 1:colcon.colcon_core.environment:checking '/home/bkhwaja/vscode/ros2_ws/src/install/custom_interfaces' for CMake config files
[8.491s] Level 1:colcon.colcon_core.shell:create_environment_hook('custom_interfaces', 'cmake_prefix_path')
[8.492s] INFO:colcon.colcon_core.shell:Creating environment hook '/home/bkhwaja/vscode/ros2_ws/src/install/custom_interfaces/share/custom_interfaces/hook/cmake_prefix_path.ps1'
[8.492s] INFO:colcon.colcon_core.shell:Creating environment descriptor '/home/bkhwaja/vscode/ros2_ws/src/install/custom_interfaces/share/custom_interfaces/hook/cmake_prefix_path.dsv'
[8.492s] INFO:colcon.colcon_core.shell:Creating environment hook '/home/bkhwaja/vscode/ros2_ws/src/install/custom_interfaces/share/custom_interfaces/hook/cmake_prefix_path.sh'
[8.493s] Level 1:colcon.colcon_core.environment:checking '/home/bkhwaja/vscode/ros2_ws/src/install/custom_interfaces/lib'
[8.493s] Level 1:colcon.colcon_core.shell:create_environment_hook('custom_interfaces', 'ld_library_path_lib')
[8.494s] INFO:colcon.colcon_core.shell:Creating environment hook '/home/bkhwaja/vscode/ros2_ws/src/install/custom_interfaces/share/custom_interfaces/hook/ld_library_path_lib.ps1'
[8.494s] INFO:colcon.colcon_core.shell:Creating environment descriptor '/home/bkhwaja/vscode/ros2_ws/src/install/custom_interfaces/share/custom_interfaces/hook/ld_library_path_lib.dsv'
[8.494s] INFO:colcon.colcon_core.shell:Creating environment hook '/home/bkhwaja/vscode/ros2_ws/src/install/custom_interfaces/share/custom_interfaces/hook/ld_library_path_lib.sh'
[8.495s] Level 1:colcon.colcon_core.environment:checking '/home/bkhwaja/vscode/ros2_ws/src/install/custom_interfaces/bin'
[8.495s] Level 1:colcon.colcon_core.environment:checking '/home/bkhwaja/vscode/ros2_ws/src/install/custom_interfaces/lib/pkgconfig/custom_interfaces.pc'
[8.495s] Level 1:colcon.colcon_core.environment:checking '/home/bkhwaja/vscode/ros2_ws/src/install/custom_interfaces/lib/python3.10/site-packages'
[8.495s] Level 1:colcon.colcon_core.environment:checking '/home/bkhwaja/vscode/ros2_ws/src/install/custom_interfaces/bin'
[8.496s] INFO:colcon.colcon_core.shell:Creating package script '/home/bkhwaja/vscode/ros2_ws/src/install/custom_interfaces/share/custom_interfaces/package.ps1'
[8.496s] INFO:colcon.colcon_core.shell:Creating package descriptor '/home/bkhwaja/vscode/ros2_ws/src/install/custom_interfaces/share/custom_interfaces/package.dsv'
[8.497s] INFO:colcon.colcon_core.shell:Creating package script '/home/bkhwaja/vscode/ros2_ws/src/install/custom_interfaces/share/custom_interfaces/package.sh'
[8.497s] INFO:colcon.colcon_core.shell:Creating package script '/home/bkhwaja/vscode/ros2_ws/src/install/custom_interfaces/share/custom_interfaces/package.bash'
[8.497s] INFO:colcon.colcon_core.shell:Creating package script '/home/bkhwaja/vscode/ros2_ws/src/install/custom_interfaces/share/custom_interfaces/package.zsh'
[8.497s] Level 1:colcon.colcon_core.environment:create_file_with_runtime_dependencies(/home/bkhwaja/vscode/ros2_ws/src/install/custom_interfaces/share/colcon-core/packages/custom_interfaces)
[8.549s] Level 1:colcon.colcon_core.environment:create_environment_scripts_only(custom_interfaces)
[8.551s] Level 1:colcon.colcon_core.environment:checking '/home/bkhwaja/vscode/ros2_ws/src/install/custom_interfaces' for CMake module files
[8.551s] Level 1:colcon.colcon_core.environment:checking '/home/bkhwaja/vscode/ros2_ws/src/install/custom_interfaces' for CMake config files
[8.551s] Level 1:colcon.colcon_core.shell:create_environment_hook('custom_interfaces', 'cmake_prefix_path')
[8.552s] INFO:colcon.colcon_core.shell:Creating environment hook '/home/bkhwaja/vscode/ros2_ws/src/install/custom_interfaces/share/custom_interfaces/hook/cmake_prefix_path.ps1'
[8.552s] INFO:colcon.colcon_core.shell:Creating environment descriptor '/home/bkhwaja/vscode/ros2_ws/src/install/custom_interfaces/share/custom_interfaces/hook/cmake_prefix_path.dsv'
[8.553s] INFO:colcon.colcon_core.shell:Creating environment hook '/home/bkhwaja/vscode/ros2_ws/src/install/custom_interfaces/share/custom_interfaces/hook/cmake_prefix_path.sh'
[8.553s] Level 1:colcon.colcon_core.environment:checking '/home/bkhwaja/vscode/ros2_ws/src/install/custom_interfaces/lib'
[8.553s] Level 1:colcon.colcon_core.shell:create_environment_hook('custom_interfaces', 'ld_library_path_lib')
[8.554s] INFO:colcon.colcon_core.shell:Creating environment hook '/home/bkhwaja/vscode/ros2_ws/src/install/custom_interfaces/share/custom_interfaces/hook/ld_library_path_lib.ps1'
[8.554s] INFO:colcon.colcon_core.shell:Creating environment descriptor '/home/bkhwaja/vscode/ros2_ws/src/install/custom_interfaces/share/custom_interfaces/hook/ld_library_path_lib.dsv'
[8.554s] INFO:colcon.colcon_core.shell:Creating environment hook '/home/bkhwaja/vscode/ros2_ws/src/install/custom_interfaces/share/custom_interfaces/hook/ld_library_path_lib.sh'
[8.554s] Level 1:colcon.colcon_core.environment:checking '/home/bkhwaja/vscode/ros2_ws/src/install/custom_interfaces/bin'
[8.555s] Level 1:colcon.colcon_core.environment:checking '/home/bkhwaja/vscode/ros2_ws/src/install/custom_interfaces/lib/pkgconfig/custom_interfaces.pc'
[8.555s] Level 1:colcon.colcon_core.environment:checking '/home/bkhwaja/vscode/ros2_ws/src/install/custom_interfaces/lib/python3.10/site-packages'
[8.555s] Level 1:colcon.colcon_core.environment:checking '/home/bkhwaja/vscode/ros2_ws/src/install/custom_interfaces/bin'
[8.556s] INFO:colcon.colcon_core.shell:Creating package script '/home/bkhwaja/vscode/ros2_ws/src/install/custom_interfaces/share/custom_interfaces/package.ps1'
[8.556s] INFO:colcon.colcon_core.shell:Creating package descriptor '/home/bkhwaja/vscode/ros2_ws/src/install/custom_interfaces/share/custom_interfaces/package.dsv'
[8.556s] INFO:colcon.colcon_core.shell:Creating package script '/home/bkhwaja/vscode/ros2_ws/src/install/custom_interfaces/share/custom_interfaces/package.sh'
[8.557s] INFO:colcon.colcon_core.shell:Creating package script '/home/bkhwaja/vscode/ros2_ws/src/install/custom_interfaces/share/custom_interfaces/package.bash'
[8.557s] INFO:colcon.colcon_core.shell:Creating package script '/home/bkhwaja/vscode/ros2_ws/src/install/custom_interfaces/share/custom_interfaces/package.zsh'
[8.557s] Level 1:colcon.colcon_core.environment:create_file_with_runtime_dependencies(/home/bkhwaja/vscode/ros2_ws/src/install/custom_interfaces/share/colcon-core/packages/custom_interfaces)
[8.557s] DEBUG:colcon.colcon_parallel_executor.executor.parallel:closing loop
[8.558s] DEBUG:colcon.colcon_parallel_executor.executor.parallel:loop closed
[8.559s] DEBUG:colcon.colcon_parallel_executor.executor.parallel:run_until_complete finished with '0'
[8.559s] DEBUG:colcon.colcon_core.event_reactor:joining thread
[8.563s] INFO:colcon.colcon_core.plugin_system:Skipping extension 'colcon_notification.desktop_notification.terminal_notifier': Not used on non-Darwin systems
[8.563s] INFO:colcon.colcon_core.plugin_system:Skipping extension 'colcon_notification.desktop_notification.win32': Not used on non-Windows systems
[8.563s] INFO:colcon.colcon_notification.desktop_notification:Sending desktop notification using 'notify2'
[8.568s] DEBUG:colcon.colcon_notification.desktop_notification.notify2:Failed to initialize notify2: org.freedesktop.DBus.Error.ServiceUnknown: The name org.freedesktop.Notifications was not provided by any .service files
[8.568s] DEBUG:colcon.colcon_core.event_reactor:joined thread
[8.569s] INFO:colcon.colcon_core.shell:Creating prefix script '/home/bkhwaja/vscode/ros2_ws/src/install/local_setup.ps1'
[8.570s] INFO:colcon.colcon_core.shell:Creating prefix util module '/home/bkhwaja/vscode/ros2_ws/src/install/_local_setup_util_ps1.py'
[8.571s] INFO:colcon.colcon_core.shell:Creating prefix chain script '/home/bkhwaja/vscode/ros2_ws/src/install/setup.ps1'
[8.572s] INFO:colcon.colcon_core.shell:Creating prefix script '/home/bkhwaja/vscode/ros2_ws/src/install/local_setup.sh'
[8.572s] INFO:colcon.colcon_core.shell:Creating prefix util module '/home/bkhwaja/vscode/ros2_ws/src/install/_local_setup_util_sh.py'
[8.573s] INFO:colcon.colcon_core.shell:Creating prefix chain script '/home/bkhwaja/vscode/ros2_ws/src/install/setup.sh'
[8.573s] INFO:colcon.colcon_core.shell:Creating prefix script '/home/bkhwaja/vscode/ros2_ws/src/install/local_setup.bash'
[8.574s] INFO:colcon.colcon_core.shell:Creating prefix chain script '/home/bkhwaja/vscode/ros2_ws/src/install/setup.bash'
[8.575s] INFO:colcon.colcon_core.shell:Creating prefix script '/home/bkhwaja/vscode/ros2_ws/src/install/local_setup.zsh'
[8.575s] INFO:colcon.colcon_core.shell:Creating prefix chain script '/home/bkhwaja/vscode/ros2_ws/src/install/setup.zsh'
